Updating build index: /home/vsts/conda/conda-bld

TEST START: /tmp/tmpat19t3_2/noarch/microhapulator-0.4.1-py_0.tar.bz2
Adding in variants from internal_defaults
Adding in variants from /tmp/tmp015keigz/info/recipe/conda_build_config.yaml
Reloading output folder: /home/vsts/conda/conda-bld

## Package Plan ##

  environment location: /home/vsts/conda/conda-bld/microhapulator_1635893044896/_test_env_placehold_placehold_placehold_placehold_placehold_placehold_placehold_placehold_placehold_placehold_placehold_placehold_placehold_placehold_placehold_placehold_placehold_placehold_placeho


The following NEW packages will be INSTALLED:

    _libgcc_mutex:      0.1-conda_forge            conda-forge            
    _openmp_mutex:      4.5-1_gnu                  conda-forge            
    attrs:              21.2.0-pyhd8ed1ab_0        conda-forge            
    biopython:          1.78-py39h3811e60_2        conda-forge            
    brotlipy:           0.7.0-py39h3811e60_1002    conda-forge            
    bzip2:              1.0.8-h7f98852_4           conda-forge            
    c-ares:             1.18.1-h7f98852_0          conda-forge            
    ca-certificates:    2021.10.8-ha878542_0       conda-forge            
    certifi:            2021.10.8-py39hf3d152e_1   conda-forge            
    cffi:               1.14.6-py39h4bc2ebd_2      conda-forge            
    chardet:            4.0.0-py39hf3d152e_2       conda-forge            
    charset-normalizer: 2.0.0-pyhd8ed1ab_0         conda-forge            
    coverage:           6.1.1-py39h3811e60_1       conda-forge            
    cryptography:       35.0.0-py39h95dcef6_1      conda-forge            
    future:             0.18.2-py39hf3d152e_4      conda-forge            
    happer:             0.1.1-py_0                 bioconda               
    idna:               3.1-pyhd3deb0d_0           conda-forge            
    importlib-metadata: 4.8.1-py39hf3d152e_1       conda-forge            
    iniconfig:          1.1.1-pyh9f0ad1d_0         conda-forge            
    insilicoseq:        1.5.4-pyh5e36f6f_0         bioconda               
    joblib:             1.1.0-pyhd8ed1ab_0         conda-forge            
    jsonschema:         4.1.2-pyhd8ed1ab_0         conda-forge            
    krb5:               1.19.2-hcc1bbae_2          conda-forge            
    ld_impl_linux-64:   2.36.1-hea4e1c9_2          conda-forge            
    libblas:            3.9.0-12_linux64_openblas  conda-forge            
    libcblas:           3.9.0-12_linux64_openblas  conda-forge            
    libcurl:            7.79.1-h2574ce0_1          conda-forge            
    libdeflate:         1.7-h7f98852_5             conda-forge            
    libedit:            3.1.20191231-he28a2e2_2    conda-forge            
    libev:              4.33-h516909a_1            conda-forge            
    libffi:             3.4.2-h9c3ff4c_4           conda-forge            
    libgcc-ng:          11.2.0-h1d223b6_11         conda-forge            
    libgfortran-ng:     11.2.0-h69a702a_11         conda-forge            
    libgfortran5:       11.2.0-h5c6108e_11         conda-forge            
    libgomp:            11.2.0-h1d223b6_11         conda-forge            
    liblapack:          3.9.0-12_linux64_openblas  conda-forge            
    libnghttp2:         1.43.0-h812cca2_1          conda-forge            
    libopenblas:        0.3.18-pthreads_h8fe5266_0 conda-forge            
    libssh2:            1.10.0-ha56f1ee_2          conda-forge            
    libstdcxx-ng:       11.2.0-he4da1e4_11         conda-forge            
    libzlib:            1.2.11-h36c2ea0_1013       conda-forge            
    microhapdb:         0.6-py_0                   bioconda               
    microhapulator:     0.4.1-py_0                 file:///tmp/tmpat19t3_2
    more-itertools:     8.10.0-pyhd8ed1ab_0        conda-forge            
    ncurses:            6.2-h58526e2_4             conda-forge            
    numpy:              1.21.3-py39hdbf815f_0      conda-forge            
    openssl:            1.1.1l-h7f98852_0          conda-forge            
    packaging:          21.2-pyhd8ed1ab_1          conda-forge            
    pandas:             1.3.4-py39hde0f152_0       conda-forge            
    pip:                21.3.1-pyhd8ed1ab_0        conda-forge            
    pluggy:             1.0.0-py39hf3d152e_2       conda-forge            
    py:                 1.10.0-pyhd3deb0d_0        conda-forge            
    pycparser:          2.20-pyh9f0ad1d_2          conda-forge            
    pyopenssl:          21.0.0-pyhd8ed1ab_0        conda-forge            
    pyparsing:          2.4.7-pyhd8ed1ab_1         conda-forge            
    pyrsistent:         0.17.3-py39h3811e60_3      conda-forge            
    pysam:              0.17.0-py39h051187c_0      bioconda               
    pysocks:            1.7.1-py39hf3d152e_4       conda-forge            
    pytest:             6.2.5-py39hf3d152e_1       conda-forge            
    pytest-cov:         3.0.0-pyhd8ed1ab_0         conda-forge            
    python:             3.9.7-hb7a2778_3_cpython   conda-forge            
    python-dateutil:    2.8.2-pyhd8ed1ab_0         conda-forge            
    python_abi:         3.9-2_cp39                 conda-forge            
    pytz:               2021.3-pyhd8ed1ab_0        conda-forge            
    readline:           8.1-h46c0cb4_0             conda-forge            
    requests:           2.26.0-pyhd8ed1ab_0        conda-forge            
    scipy:              1.7.1-py39hee8e79c_0       conda-forge            
    setuptools:         58.4.0-py39hf3d152e_1      conda-forge            
    six:                1.16.0-pyh6c4a22f_0        conda-forge            
    sqlite:             3.36.0-h9cd32fc_2          conda-forge            
    tk:                 8.6.11-h27826a3_1          conda-forge            
    toml:               0.10.2-pyhd8ed1ab_0        conda-forge            
    tomli:              1.2.2-pyhd8ed1ab_0         conda-forge            
    tzdata:             2021e-he74cb21_0           conda-forge            
    urllib3:            1.26.7-pyhd8ed1ab_0        conda-forge            
    wheel:              0.37.0-pyhd8ed1ab_1        conda-forge            
    xz:                 5.2.5-h516909a_1           conda-forge            
    zipp:               3.6.0-pyhd8ed1ab_0         conda-forge            
    zlib:               1.2.11-h36c2ea0_1013       conda-forge            

Preparing transaction: ...working... done
Verifying transaction: ...working... done
Executing transaction: ...working... done
export PREFIX=/home/vsts/conda/conda-bld/microhapulator_1635893044896/_test_env_placehold_placehold_placehold_placehold_placehold_placehold_placehold_placehold_placehold_placehold_placehold_placehold_placehold_placehold_placehold_placehold_placehold_placehold_placeho
export SRC_DIR=/home/vsts/conda/conda-bld/microhapulator_1635893044896/test_tmp
import: 'microhapulator'
import: 'microhapulator'
============================= test session starts ==============================
platform linux -- Python 3.9.7, pytest-6.2.5, py-1.10.0, pluggy-1.0.0
rootdir: $SRC_DIR
plugins: cov-3.0.0
collected 80 items

tests/test_cli.py .                                                      [  1%]
tests/test_contain.py ....                                               [  6%]
tests/test_contrib.py .........                                          [ 17%]
tests/test_diff.py ....                                                  [ 22%]
tests/test_dist.py .............                                         [ 38%]
tests/test_mix.py .                                                      [ 40%]
tests/test_prob.py ..........                                            [ 52%]
tests/test_profile.py .......                                            [ 61%]
tests/test_seq.py ..........F..                                          [ 77%]
tests/test_sim.py F.FFF...                                               [ 87%]
tests/test_type.py .....                                                 [ 93%]
tests/test_unite.py .....                                                [100%]

=================================== FAILURES ===================================
_ test_main_relaxed[True-red-relaxed-profile.json-kSW9IlM-red-reads-relaxed.fastq] _

relaxmode = True, gtfile = 'red-relaxed-profile.json', signature = 'kSW9IlM'
testfile = 'red-reads-relaxed.fastq'

    @pytest.mark.parametrize('relaxmode,gtfile,signature,testfile', [
        (False, 'red-strict-profile.json', 'ihkSW9I', 'red-reads-strict.fastq'),
        (True, 'red-relaxed-profile.json', 'kSW9IlM', 'red-reads-relaxed.fastq'),
    ])
    def test_main_relaxed(relaxmode, gtfile, signature, testfile):
        with NamedTemporaryFile(suffix='.fastq') as outfile:
            arglist = [
                'seq', '--out', outfile.name, '--seeds', '24680', '--num-reads', '100',
                '--signature', signature, data_file(gtfile)
            ]
            args = microhapulator.cli.get_parser().parse_args(arglist)
            args.relaxed = relaxmode
            microhapulator.seq.main(args)
>           assert filecmp.cmp(outfile.name, data_file(testfile))
E           AssertionError: assert False
E            +  where False = <function cmp at 0x7f5a81f6c790>('/tmp/tmpwo86y6y4.fastq', '/home/vsts/conda/conda-bld/microhapulator_1635893044896/_test_env_placehold_placehold_placehold_placehold_placehold_p...ld_placehold_placehold_placehold_placeho/lib/python3.9/site-packages/microhapulator/tests/data/red-reads-relaxed.fastq')
E            +    where <function cmp at 0x7f5a81f6c790> = filecmp.cmp
E            +    and   '/tmp/tmpwo86y6y4.fastq' = <tempfile._TemporaryFileWrapper object at 0x7f5a81efcaf0>.name
E            +    and   '/home/vsts/conda/conda-bld/microhapulator_1635893044896/_test_env_placehold_placehold_placehold_placehold_placehold_p...ld_placehold_placehold_placehold_placeho/lib/python3.9/site-packages/microhapulator/tests/data/red-reads-relaxed.fastq' = data_file('red-reads-relaxed.fastq')

../_test_env_placehold_placehold_placehold_placehold_placehold_placehold_placehold_placehold_placehold_placehold_placehold_placehold_placehold_placehold_placehold_placehold_placehold_placehold_placeho/lib/python3.9/site-packages/microhapulator/tests/test_seq.py:122: AssertionError
----------------------------- Captured stderr call -----------------------------
[MicroHapulator::seq] Individual seed=24680 numreads=100
_____________________________ test_meaning_of_life _____________________________

    def test_meaning_of_life():
>       profile = microhapulator.sim.sim(['SA004250L', 'SA004250L'], ['beta'], seed=42)

../_test_env_placehold_placehold_placehold_placehold_placehold_placehold_placehold_placehold_placehold_placehold_placehold_placehold_placehold_placehold_placehold_placehold_placehold_placehold_placeho/lib/python3.9/site-packages/microhapulator/tests/test_sim.py:20: 
_ _ _ _ _ _ _ _ _ _ _ _ _ _ _ _ _ _ _ _ _ _ _ _ _ _ _ _ _ _ _ _ _ _ _ _ _ _ _ _ 
../_test_env_placehold_placehold_placehold_placehold_placehold_placehold_placehold_placehold_placehold_placehold_placehold_placehold_placehold_placehold_placehold_placehold_placehold_placehold_placeho/lib/python3.9/site-packages/microhapulator/sim.py:42: in sim
    markers = panel_markers(panel)
../_test_env_placehold_placehold_placehold_placehold_placehold_placehold_placehold_placehold_placehold_placehold_placehold_placehold_placehold_placehold_placehold_placehold_placehold_placehold_placeho/lib/python3.9/site-packages/microhapulator/panel.py:21: in panel_markers
    markers = panel_beta()
../_test_env_placehold_placehold_placehold_placehold_placehold_placehold_placehold_placehold_placehold_placehold_placehold_placehold_placehold_placehold_placehold_placehold_placehold_placehold_placeho/lib/python3.9/site-packages/microhapulator/panel.py:69: in panel_beta
    & (markers.AvgAe > 2.0)
_ _ _ _ _ _ _ _ _ _ _ _ _ _ _ _ _ _ _ _ _ _ _ _ _ _ _ _ _ _ _ _ _ _ _ _ _ _ _ _ 

self =             Name          PermID Reference  ...      Start        End  Length
0     mh01KK-172  MHDBM-d5a744a2    GRCh...38369297      31
416  mh0XUSC-XqH  MHDBM-cba70b3c    GRCh38  ...  146934523  146934545      22

[417 rows x 12 columns]
name = 'AvgAe'

    def __getattr__(self, name: str):
        """
        After regular attribute access, try looking up the name
        This allows simpler access to columns for interactive use.
        """
        # Note: obj.x will always call obj.__getattribute__('x') prior to
        # calling obj.__getattr__('x').
        if (
            name not in self._internal_names_set
            and name not in self._metadata
            and name not in self._accessors
            and self._info_axis._can_hold_identifiers_and_holds_name(name)
        ):
            return self[name]
>       return object.__getattribute__(self, name)
E       AttributeError: 'DataFrame' object has no attribute 'AvgAe'

../_test_env_placehold_placehold_placehold_placehold_placehold_placehold_placehold_placehold_placehold_placehold_placehold_placehold_placehold_placehold_placehold_placehold_placehold_placehold_placeho/lib/python3.9/site-packages/pandas/core/generic.py:5487: AttributeError
_______________ test_sim_relaxed[True-red-relaxed-profile.json] ________________

relaxmode = True, testfile = 'red-relaxed-profile.json'

    @pytest.mark.parametrize('relaxmode,testfile', [
        (False, 'red-strict-profile.json'),
        (True, 'red-relaxed-profile.json'),
    ])
    def test_sim_relaxed(relaxmode, testfile):
        profile = microhapulator.sim.sim(
            ['SA000101C'], ['mh01KK-117', 'mh09KK-157', 'mh07CP-004'],
            seed=54321, relaxed=relaxmode
        )
        testprofile = SimulatedProfile(fromfile=data_file(testfile))
>       assert profile == testprofile
E       assert <microhapulator.profile.SimulatedProfile object at 0x7f5a81f69520> == <microhapulator.profile.SimulatedProfile object at 0x7f5a81f69160>

../_test_env_placehold_placehold_placehold_placehold_placehold_placehold_placehold_placehold_placehold_placehold_placehold_placehold_placehold_placehold_placehold_placehold_placehold_placehold_placeho/lib/python3.9/site-packages/microhapulator/tests/test_sim.py:35: AssertionError
----------------------------- Captured stderr call -----------------------------
[MicroHapulator::panel] WARNING: no allele frequencies available for population "SA000101C" at marker "mh07CP-004"; in "relaxed" mode, drawing an allele uniformly
[MicroHapulator::panel] WARNING: no allele frequencies available for population "SA000101C" at marker "mh07CP-004"; in "relaxed" mode, drawing an allele uniformly
[MicroHapulator::sim] simulated microhaplotype variation at 3 markers
__________________________________ test_main ___________________________________

    def test_main():
        with tempfile.NamedTemporaryFile(suffix='-profile.json') as outfile:
            arglist = [
                'sim', '--out', outfile.name, '--seed', '1985', 'SA004250L', 'SA004250L',
                'usa'
            ]
            args = microhapulator.cli.get_parser().parse_args(arglist)
>           microhapulator.sim.main(args)

../_test_env_placehold_placehold_placehold_placehold_placehold_placehold_placehold_placehold_placehold_placehold_placehold_placehold_placehold_placehold_placehold_placehold_placehold_placehold_placeho/lib/python3.9/site-packages/microhapulator/tests/test_sim.py:45: 
_ _ _ _ _ _ _ _ _ _ _ _ _ _ _ _ _ _ _ _ _ _ _ _ _ _ _ _ _ _ _ _ _ _ _ _ _ _ _ _ 
../_test_env_placehold_placehold_placehold_placehold_placehold_placehold_placehold_placehold_placehold_placehold_placehold_placehold_placehold_placehold_placehold_placehold_placehold_placehold_placeho/lib/python3.9/site-packages/microhapulator/sim.py:65: in main
    profile = sim(args.popid, panel, seed=args.seed, relaxed=args.relaxed)
../_test_env_placehold_placehold_placehold_placehold_placehold_placehold_placehold_placehold_placehold_placehold_placehold_placehold_placehold_placehold_placehold_placehold_placehold_placehold_placeho/lib/python3.9/site-packages/microhapulator/sim.py:42: in sim
    markers = panel_markers(panel)
../_test_env_placehold_placehold_placehold_placehold_placehold_placehold_placehold_placehold_placehold_placehold_placehold_placehold_placehold_placehold_placehold_placehold_placehold_placehold_placeho/lib/python3.9/site-packages/microhapulator/panel.py:23: in panel_markers
    markers = panel_usa()
../_test_env_placehold_placehold_placehold_placehold_placehold_placehold_placehold_placehold_placehold_placehold_placehold_placehold_placehold_placehold_placehold_placehold_placehold_placehold_placeho/lib/python3.9/site-packages/microhapulator/panel.py:116: in panel_usa
    panel = markers[
../_test_env_placehold_placehold_placehold_placehold_placehold_placehold_placehold_placehold_placehold_placehold_placehold_placehold_placehold_placehold_placehold_placehold_placehold_placehold_placeho/lib/python3.9/site-packages/pandas/util/_decorators.py:311: in wrapper
    return func(*args, **kwargs)
../_test_env_placehold_placehold_placehold_placehold_placehold_placehold_placehold_placehold_placehold_placehold_placehold_placehold_placehold_placehold_placehold_placehold_placehold_placehold_placeho/lib/python3.9/site-packages/pandas/core/frame.py:6259: in sort_values
    k = self._get_label_or_level_values(by, axis=axis)
_ _ _ _ _ _ _ _ _ _ _ _ _ _ _ _ _ _ _ _ _ _ _ _ _ _ _ _ _ _ _ _ _ _ _ _ _ _ _ _ 

self = Empty DataFrame
Columns: [Name, PermID, Reference, Chrom, Offsets, Ae, In, Fst, Source, NumVariants]
Index: []
key = 'AvgAe', axis = 0

    @final
    def _get_label_or_level_values(self, key: str, axis: int = 0) -> np.ndarray:
        """
        Return a 1-D array of values associated with `key`, a label or level
        from the given `axis`.
    
        Retrieval logic:
          - (axis=0): Return column values if `key` matches a column label.
            Otherwise return index level values if `key` matches an index
            level.
          - (axis=1): Return row values if `key` matches an index label.
            Otherwise return column level values if 'key' matches a column
            level
    
        Parameters
        ----------
        key : str
            Label or level name.
        axis : int, default 0
            Axis that levels are associated with (0 for index, 1 for columns)
    
        Returns
        -------
        values : np.ndarray
    
        Raises
        ------
        KeyError
            if `key` matches neither a label nor a level
        ValueError
            if `key` matches multiple labels
        FutureWarning
            if `key` is ambiguous. This will become an ambiguity error in a
            future version
        """
        axis = self._get_axis_number(axis)
        other_axes = [ax for ax in range(self._AXIS_LEN) if ax != axis]
    
        if self._is_label_reference(key, axis=axis):
            self._check_label_or_level_ambiguity(key, axis=axis)
            values = self.xs(key, axis=other_axes[0])._values
        elif self._is_level_reference(key, axis=axis):
            values = self.axes[axis].get_level_values(key)._values
        else:
>           raise KeyError(key)
E           KeyError: 'AvgAe'

../_test_env_placehold_placehold_placehold_placehold_placehold_placehold_placehold_placehold_placehold_placehold_placehold_placehold_placehold_placehold_placehold_placehold_placehold_placehold_placeho/lib/python3.9/site-packages/pandas/core/generic.py:1779: KeyError
_____________________________ test_main_haplo_seq ______________________________

    def test_main_haplo_seq():
        tempdir = tempfile.mkdtemp()
        try:
            arglist = [
                'sim', '--seed', '293847', '--out', tempdir + '/profile.json',
                '--haplo-seq', tempdir + '/haplo.fasta', 'SA004047P', 'SA004047P',
                'mh07CP-004', 'mh14CP-003'
            ]
            args = microhapulator.cli.get_parser().parse_args(arglist)
            microhapulator.sim.main(args)
            p = SimulatedProfile(fromfile=tempdir + '/profile.json')
            testp = SimulatedProfile(fromfile=data_file('orange-sim-profile.json'))
>           assert p == testp
E           assert <microhapulator.profile.SimulatedProfile object at 0x7f5a81f87cd0> == <microhapulator.profile.SimulatedProfile object at 0x7f5a81f875b0>

../_test_env_placehold_placehold_placehold_placehold_placehold_placehold_placehold_placehold_placehold_placehold_placehold_placehold_placehold_placehold_placehold_placehold_placehold_placehold_placeho/lib/python3.9/site-packages/microhapulator/tests/test_sim.py:63: AssertionError
----------------------------- Captured stderr call -----------------------------
[MicroHapulator::sim] simulated microhaplotype variation at 2 markers
[MicroHapulator::sim] profile JSON written to /tmp/tmpdbl9gk2p/profile.json
[MicroHapulator::sim] haplotype sequences written to /tmp/tmpdbl9gk2p/haplo.fasta

----------- coverage: platform linux, python 3.9.7-final-0 -----------
Name                                                                                                                                                                                                                                                                                                                             Stmts   Miss  Cover
----------------------------------------------------------------------------------------------------------------------------------------------------------------------------------------------------------------------------------------------------------------------------------------------------------------------------------------------------
$PREFIX/lib/python3.9/site-packages/microhapulator/__init__.py                46      1    98%
$PREFIX/lib/python3.9/site-packages/microhapulator/__main__.py                 1      0   100%
$PREFIX/lib/python3.9/site-packages/microhapulator/_version.py                 4      0   100%
$PREFIX/lib/python3.9/site-packages/microhapulator/cli/__init__.py            28      0   100%
$PREFIX/lib/python3.9/site-packages/microhapulator/cli/contain.py              5      0   100%
$PREFIX/lib/python3.9/site-packages/microhapulator/cli/contrib.py              6      0   100%
$PREFIX/lib/python3.9/site-packages/microhapulator/cli/diff.py                 5      0   100%
$PREFIX/lib/python3.9/site-packages/microhapulator/cli/dist.py                 5      0   100%
$PREFIX/lib/python3.9/site-packages/microhapulator/cli/mix.py                  4      0   100%
$PREFIX/lib/python3.9/site-packages/microhapulator/cli/prob.py                 8      0   100%
$PREFIX/lib/python3.9/site-packages/microhapulator/cli/seq.py                 12      0   100%
$PREFIX/lib/python3.9/site-packages/microhapulator/cli/sim.py                  9      0   100%
$PREFIX/lib/python3.9/site-packages/microhapulator/cli/type.py                 7      0   100%
$PREFIX/lib/python3.9/site-packages/microhapulator/cli/unite.py                6      0   100%
$PREFIX/lib/python3.9/site-packages/microhapulator/contain.py                 17      0   100%
$PREFIX/lib/python3.9/site-packages/microhapulator/contrib.py                 26      0   100%
$PREFIX/lib/python3.9/site-packages/microhapulator/diff.py                    21      0   100%
$PREFIX/lib/python3.9/site-packages/microhapulator/dist.py                    16      0   100%
$PREFIX/lib/python3.9/site-packages/microhapulator/mix.py                      7      0   100%
$PREFIX/lib/python3.9/site-packages/microhapulator/panel.py                  118     28    76%
$PREFIX/lib/python3.9/site-packages/microhapulator/prob.py                    21      0   100%
$PREFIX/lib/python3.9/site-packages/microhapulator/profile.py                234      1    99%
$PREFIX/lib/python3.9/site-packages/microhapulator/seq.py                     81      6    93%
$PREFIX/lib/python3.9/site-packages/microhapulator/sim.py                     46      0   100%
$PREFIX/lib/python3.9/site-packages/microhapulator/tests/__init__.py           6      0   100%
$PREFIX/lib/python3.9/site-packages/microhapulator/tests/test_cli.py          12      0   100%
$PREFIX/lib/python3.9/site-packages/microhapulator/tests/test_contain.py      18      0   100%
$PREFIX/lib/python3.9/site-packages/microhapulator/tests/test_contrib.py      29      0   100%
$PREFIX/lib/python3.9/site-packages/microhapulator/tests/test_diff.py         38      0   100%
$PREFIX/lib/python3.9/site-packages/microhapulator/tests/test_dist.py         41      0   100%
$PREFIX/lib/python3.9/site-packages/microhapulator/tests/test_mix.py          13      0   100%
$PREFIX/lib/python3.9/site-packages/microhapulator/tests/test_prob.py         47      0   100%
$PREFIX/lib/python3.9/site-packages/microhapulator/tests/test_profile.py      87      0   100%
$PREFIX/lib/python3.9/site-packages/microhapulator/tests/test_seq.py          96      0   100%
$PREFIX/lib/python3.9/site-packages/microhapulator/tests/test_sim.py          46      5    89%
$PREFIX/lib/python3.9/site-packages/microhapulator/tests/test_type.py         42      0   100%
$PREFIX/lib/python3.9/site-packages/microhapulator/tests/test_unite.py        34      0   100%
$PREFIX/lib/python3.9/site-packages/microhapulator/type.py                    72      1    99%
$PREFIX/lib/python3.9/site-packages/microhapulator/unite.py                   10      0   100%
----------------------------------------------------------------------------------------------------------------------------------------------------------------------------------------------------------------------------------------------------------------------------------------------------------------------------------------------------
TOTAL                                                                                                                                                                                                                                                                                                                             1324     42    97%

=========================== short test summary info ============================
FAILED tests/test_seq.py::test_main_relaxed[True-red-relaxed-profile.json-kSW9IlM-red-reads-relaxed.fastq]
FAILED tests/test_sim.py::test_meaning_of_life - AttributeError: 'DataFrame' ...
FAILED tests/test_sim.py::test_sim_relaxed[True-red-relaxed-profile.json] - a...
FAILED tests/test_sim.py::test_main - KeyError: 'AvgAe'
FAILED tests/test_sim.py::test_main_haplo_seq - assert <microhapulator.profil...
=================== 5 failed, 75 passed in 91.29s (0:01:31) ====================

Leaving build/test directories:
  Work:
 /home/vsts/conda/conda-bld/work 
  Test:
 /home/vsts/conda/conda-bld/test_tmp 
Leaving build/test environments:
  Test:
source activate  /home/vsts/conda/conda-bld/_test_env_placehold_placehold_placehold_placehold_placehold_placehold_placehold_placehold_placehold_placehold_placehold_placehold_placehold_placehold_placehold_placehold_placehold_placehold_placehold_placehold_placehold_placeh 
  Build:
source activate  /home/vsts/conda/conda-bld/_build_env 


