Updating build index: /Users/runner/conda/conda-bld

TEST START: /var/folders/24/8k48jl6d249_n_qfxwsl6xvm0000gn/T/tmp4riot0qa/noarch/microhapdb-0.6-py_0.tar.bz2
Adding in variants from internal_defaults
Adding in variants from /var/folders/24/8k48jl6d249_n_qfxwsl6xvm0000gn/T/tmp_r8b64h6/info/recipe/conda_build_config.yaml
Reloading output folder: /Users/runner/conda/conda-bld
  Package              Version  Build               Channel                                                                   Size
────────────────────────────────────────────────────────────────────────────────────────────────────────────────────────────────────
  Install:
────────────────────────────────────────────────────────────────────────────────────────────────────────────────────────────────────

  + attrs               21.2.0  pyhd8ed1ab_0        conda-forge/noarch                                                      Cached
  + ca-certificates  2021.10.8  h033912b_0          conda-forge/osx-64                                                      Cached
  + coverage               6.1  py39h89e85a6_0      conda-forge/osx-64                                                      230 KB
  + iniconfig            1.1.1  pyh9f0ad1d_0        conda-forge/noarch                                                        8 KB
  + libblas              3.9.0  12_osx64_openblas   conda-forge/osx-64                                                      Cached
  + libcblas             3.9.0  12_osx64_openblas   conda-forge/osx-64                                                      Cached
  + libcxx              12.0.1  habf9029_0          conda-forge/osx-64                                                      Cached
  + libffi               3.4.2  he49afe7_4          conda-forge/osx-64                                                      Cached
  + libgfortran          5.0.0  9_3_0_h6c81a4c_23   conda-forge/osx-64                                                      Cached
  + libgfortran5         9.3.0  h6c81a4c_23         conda-forge/osx-64                                                      Cached
  + liblapack            3.9.0  12_osx64_openblas   conda-forge/osx-64                                                      Cached
  + libopenblas         0.3.18  openmp_h3351f45_0   conda-forge/osx-64                                                      Cached
  + libzlib             1.2.11  h9173be1_1013       conda-forge/osx-64                                                      Cached
  + llvm-openmp         12.0.1  hda6cdc1_1          conda-forge/osx-64                                                      Cached
  + microhapdb             0.6  py_0                /var/folders/24/8k48jl6d249_n_qfxwsl6xvm0000gn/T/tmp4riot0qa/noarch     678 KB
  + more-itertools      8.10.0  pyhd8ed1ab_0        conda-forge/noarch                                                       44 KB
  + ncurses                6.2  h2e338ed_4          conda-forge/osx-64                                                      Cached
  + numpy               1.21.3  py39h7eed0ac_0      conda-forge/osx-64                                                        6 MB
  + openssl              3.0.0  h0d85af4_1          conda-forge/osx-64                                                      Cached
  + packaging             21.2  pyhd8ed1ab_1        conda-forge/noarch                                                       35 KB
  + pandas               1.3.4  py39h4d6be9b_0      conda-forge/osx-64                                                       12 MB
  + pip                 21.3.1  pyhd8ed1ab_0        conda-forge/noarch                                                      Cached
  + pluggy               1.0.0  py39h6e9494a_1      conda-forge/osx-64                                                       25 KB
  + py                  1.10.0  pyhd3deb0d_0        conda-forge/noarch                                                       73 KB
  + pyparsing            2.4.7  pyhd8ed1ab_1        conda-forge/noarch                                                       60 KB
  + pytest               6.2.5  py39h6e9494a_0      conda-forge/osx-64                                                      432 KB
  + pytest-cov           3.0.0  pyhd8ed1ab_0        conda-forge/noarch                                                       21 KB
  + python               3.9.7  h38b4d05_3_cpython  conda-forge/osx-64                                                       13 MB
  + python-dateutil      2.8.2  pyhd8ed1ab_0        conda-forge/noarch                                                      240 KB
  + python_abi             3.9  2_cp39              conda-forge/osx-64                                                      Cached
  + pytz                2021.3  pyhd8ed1ab_0        conda-forge/noarch                                                      Cached
  + readline               8.1  h05e3726_0          conda-forge/osx-64                                                      Cached
  + setuptools          58.3.0  py39h6e9494a_0      conda-forge/osx-64                                                      Cached
  + six                 1.16.0  pyh6c4a22f_0        conda-forge/noarch                                                      Cached
  + sqlite              3.36.0  h23a322b_2          conda-forge/osx-64                                                      Cached
  + tk                  8.6.11  h5dbffcc_1          conda-forge/osx-64                                                      Cached
  + toml                0.10.2  pyhd8ed1ab_0        conda-forge/noarch                                                       18 KB
  + tomli                1.2.2  pyhd8ed1ab_0        conda-forge/noarch                                                       15 KB
  + tzdata               2021e  he74cb21_0          conda-forge/noarch                                                      Cached
  + wheel               0.37.0  pyhd8ed1ab_1        conda-forge/noarch                                                      Cached
  + xz                   5.2.5  haf1e3a3_1          conda-forge/osx-64                                                      Cached
  + zlib                1.2.11  h9173be1_1013       conda-forge/osx-64                                                      Cached

  Summary:

  Install: 42 packages

  Total download: 32 MB

────────────────────────────────────────────────────────────────────────────────────────────────────────────────────────────────────


## Package Plan ##

  environment location: /Users/runner/conda/conda-bld/microhapdb_1635674407481/_test_env_placehold_placehold_placehold_placehold_placehold_placehold_placehold_placehold_placehold_placehold_placehold_placehold_placehold_placehold_placehold_placehold_placehold_placehold_placehol


The following NEW packages will be INSTALLED:

    attrs:           21.2.0-pyhd8ed1ab_0      conda-forge                                                        
    ca-certificates: 2021.10.8-h033912b_0     conda-forge                                                        
    coverage:        6.1-py39h89e85a6_0       conda-forge                                                        
    iniconfig:       1.1.1-pyh9f0ad1d_0       conda-forge                                                        
    libblas:         3.9.0-12_osx64_openblas  conda-forge                                                        
    libcblas:        3.9.0-12_osx64_openblas  conda-forge                                                        
    libcxx:          12.0.1-habf9029_0        conda-forge                                                        
    libffi:          3.4.2-he49afe7_4         conda-forge                                                        
    libgfortran:     5.0.0-9_3_0_h6c81a4c_23  conda-forge                                                        
    libgfortran5:    9.3.0-h6c81a4c_23        conda-forge                                                        
    liblapack:       3.9.0-12_osx64_openblas  conda-forge                                                        
    libopenblas:     0.3.18-openmp_h3351f45_0 conda-forge                                                        
    libzlib:         1.2.11-h9173be1_1013     conda-forge                                                        
    llvm-openmp:     12.0.1-hda6cdc1_1        conda-forge                                                        
    microhapdb:      0.6-py_0                 file:///var/folders/24/8k48jl6d249_n_qfxwsl6xvm0000gn/T/tmp4riot0qa
    more-itertools:  8.10.0-pyhd8ed1ab_0      conda-forge                                                        
    ncurses:         6.2-h2e338ed_4           conda-forge                                                        
    numpy:           1.21.3-py39h7eed0ac_0    conda-forge                                                        
    openssl:         3.0.0-h0d85af4_1         conda-forge                                                        
    packaging:       21.2-pyhd8ed1ab_1        conda-forge                                                        
    pandas:          1.3.4-py39h4d6be9b_0     conda-forge                                                        
    pip:             21.3.1-pyhd8ed1ab_0      conda-forge                                                        
    pluggy:          1.0.0-py39h6e9494a_1     conda-forge                                                        
    py:              1.10.0-pyhd3deb0d_0      conda-forge                                                        
    pyparsing:       2.4.7-pyhd8ed1ab_1       conda-forge                                                        
    pytest:          6.2.5-py39h6e9494a_0     conda-forge                                                        
    pytest-cov:      3.0.0-pyhd8ed1ab_0       conda-forge                                                        
    python:          3.9.7-h38b4d05_3_cpython conda-forge                                                        
    python-dateutil: 2.8.2-pyhd8ed1ab_0       conda-forge                                                        
    python_abi:      3.9-2_cp39               conda-forge                                                        
    pytz:            2021.3-pyhd8ed1ab_0      conda-forge                                                        
    readline:        8.1-h05e3726_0           conda-forge                                                        
    setuptools:      58.3.0-py39h6e9494a_0    conda-forge                                                        
    six:             1.16.0-pyh6c4a22f_0      conda-forge                                                        
    sqlite:          3.36.0-h23a322b_2        conda-forge                                                        
    tk:              8.6.11-h5dbffcc_1        conda-forge                                                        
    toml:            0.10.2-pyhd8ed1ab_0      conda-forge                                                        
    tomli:           1.2.2-pyhd8ed1ab_0       conda-forge                                                        
    tzdata:          2021e-he74cb21_0         conda-forge                                                        
    wheel:           0.37.0-pyhd8ed1ab_1      conda-forge                                                        
    xz:              5.2.5-haf1e3a3_1         conda-forge                                                        
    zlib:            1.2.11-h9173be1_1013     conda-forge                                                        

Preparing transaction: ...working... done
Verifying transaction: ...working... done
Executing transaction: ...working... done
export PREFIX=/Users/runner/conda/conda-bld/microhapdb_1635674407481/_test_env_placehold_placehold_placehold_placehold_placehold_placehold_placehold_placehold_placehold_placehold_placehold_placehold_placehold_placehold_placehold_placehold_placehold_placehold_placehol
export SRC_DIR=/Users/runner/conda/conda-bld/microhapdb_1635674407481/test_tmp
import: 'microhapdb'
import: 'microhapdb'
============================= test session starts ==============================
platform darwin -- Python 3.9.7, pytest-6.2.5, py-1.10.0, pluggy-1.0.0
rootdir: $SRC_DIR
plugins: cov-3.0.0
collected 81 items

retrieve.py ..                                                           [  2%]
util.py .                                                                [  3%]
tests/test_cli.py .......F..F....F.........FF.F.F                        [ 41%]
tests/test_frequency.py ...FFFFF                                         [ 51%]
tests/test_marker.py ....FFF.......FFFFFFF.                              [ 79%]
tests/test_population.py ....FF..FFFFF                                   [ 95%]
tests/test_retrieve.py ....                                              [100%]

=================================== FAILURES ===================================
_____________________________ test_main_pop_query ______________________________

capsys = <_pytest.capture.CaptureFixture object at 0x107abf850>

    def test_main_pop_query(capsys):
        args = get_parser().parse_args(['population', '--query', 'Source == "10.1016/j.fsigen.2018.05.008"'])
        microhapdb.cli.main(args)
        out, err = capsys.readouterr()
        testout = '''
                   ID    Name                        Source
     MHDBP-3dab7bdd14  Africa  10.1016/j.fsigen.2018.05.008
     MHDBP-936bc36f79    Asia  10.1016/j.fsigen.2018.05.008
     MHDBP-383d86606a      NL  10.1016/j.fsigen.2018.05.008
    '''
        print(out)
>       assert testout.strip() == out.strip()
E       AssertionError: assert 'ID    Name  ...n.2018.05.008' == 'ID   Name   ...n.2018.05.008'
E         - ID   Name                       Source
E         + ID    Name                        Source
E         ?   +       +
E         - MHDBP-3dab7bdd14 Africa 10.1016/j.fsigen.2018.05.008
E         +  MHDBP-3dab7bdd14  Africa  10.1016/j.fsigen.2018.05.008
E         ? +                 +      +
E         - MHDBP-936bc36f79   Asia 10.1016/j.fsigen.2018.05.008...
E         
E         ...Full output truncated (6 lines hidden), use '-vv' to show

../_test_env_placehold_placehold_placehold_placehold_placehold_placehold_placehold_placehold_placehold_placehold_placehold_placehold_placehold_placehold_placehold_placehold_placehold_placehold_placehol/lib/python3.9/site-packages/microhapdb/tests/test_cli.py:102: AssertionError
----------------------------- Captured stdout call -----------------------------
              ID   Name                       Source
MHDBP-3dab7bdd14 Africa 10.1016/j.fsigen.2018.05.008
MHDBP-936bc36f79   Asia 10.1016/j.fsigen.2018.05.008
MHDBP-383d86606a     NL 10.1016/j.fsigen.2018.05.008

____________________________ test_main_marker_query ____________________________

capsys = <_pytest.capture.CaptureFixture object at 0x107b6bc40>

    def test_main_marker_query(capsys):
        args = get_parser().parse_args(['marker', '--query', 'Chrom == "chr19"'])
        microhapdb.cli.main(args)
        out, err = capsys.readouterr()
        testout = '''
             Name          PermID Reference  Chrom                                       Offsets      Ae      In     Fst                          Source
     mh19USC-19pA  MHDBM-2d713eab    GRCh38  chr19                          561778,561795,561815  2.7453  0.0870  0.0733    10.1016/j.fsigen.2019.102213
       mh19KK-056  MHDBM-d6ff8635    GRCh38  chr19                               4852124,4852324  2.4391  0.0773  0.1760                          ALFRED
       mh19CP-007  MHDBM-49dbcc57    GRCh38  chr19                    14310739,14310772,14310780  3.0813  0.0466  0.0776                          ALFRED
     mh19USC-19pB  MHDBM-76427274    GRCh38  chr19  16040864,16040894,16040899,16040921,16040929  3.5107  0.1647  0.0731    10.1016/j.fsigen.2019.102213
        mh19NH-23  MHDBM-dd72537b    GRCh38  chr19                    22052723,22052774,22052817  1.9380  0.0414 -0.0124  10.1016/j.legalmed.2015.06.003
       mh19KK-299  MHDBM-8cbeb11c    GRCh38  chr19  22546697,22546748,22546779,22546810,22546850  4.1592  0.2335  0.1102                          ALFRED
        mh19AT-47  MHDBM-8f439540    GRCh38  chr19                    22546697,22546748,22546779  2.4025  0.1298  0.1170                   ISFG2019:P597
     mh19USC-19qA  MHDBM-f757e745    GRCh38  chr19           33273771,33273785,33273811,33273816  3.3219  0.1127  0.0880    10.1016/j.fsigen.2019.102213
       mh19KK-301  MHDBM-2069446a    GRCh38  chr19           50938487,50938502,50938526,50938550  1.9707  0.2673  0.1698                          ALFRED
       mh19KK-057  MHDBM-eb558c37    GRCh38  chr19                    51654948,51655025,51655062  2.3266  0.0667  0.0428                          ALFRED
     mh19USC-19qB  MHDBM-7b40359b    GRCh38  chr19                    53714387,53714389,53714413  4.0756  0.1368  0.0163    10.1016/j.fsigen.2019.102213
    '''
>       assert testout.strip() == out.strip()
E       AssertionError: assert 'Name        ...n.2019.102213' == 'Name        ...n.2019.102213'
E         - Name         PermID Reference Chrom                                      Offsets     Ae     In     Fst                         Source
E         + Name          PermID Reference  Chrom                                       Offsets      Ae      In     Fst                          Source
E         ?     +                          +     +                                                  +       +          +
E         - mh19USC-19pA MHDBM-2d713eab    GRCh38 chr19                         561778,561795,561815 2.7453 0.0870  0.0733   10.1016/j.fsigen.2019.102213
E         +  mh19USC-19pA  MHDBM-2d713eab    GRCh38  chr1...
E         
E         ...Full output truncated (32 lines hidden), use '-vv' to show

../_test_env_placehold_placehold_placehold_placehold_placehold_placehold_placehold_placehold_placehold_placehold_placehold_placehold_placehold_placehold_placehold_placehold_placehold_placehold_placehol/lib/python3.9/site-packages/microhapdb/tests/test_cli.py:138: AssertionError
____________________________ test_main_marker_panel ____________________________

capsys = <_pytest.capture.CaptureFixture object at 0x107b0de80>

    def test_main_marker_panel(capsys):
        with NamedTemporaryFile() as panelfile:
            with open(panelfile.name, 'w') as fh:
                for marker in ['mh15KK-058', 'mh06KK-101', 'mh20KK-035']:
                    print(marker, file=fh)
            arglist = ['marker', '--panel', panelfile.name]
            args = get_parser().parse_args(arglist)
            microhapdb.cli.main(args)
        terminal = capsys.readouterr()
        testout = '''
           Name          PermID Reference  Chrom                     Offsets      Ae      In     Fst  Source
     mh06KK-101  MHDBM-8a2c760e    GRCh38   chr6         170280714,170280900  1.6705  0.2296  0.2590  ALFRED
     mh15KK-058  MHDBM-d6c594d2    GRCh38  chr15  28120284,28120471,28120586  2.2110  0.3799  0.0862  ALFRED
     mh20KK-035  MHDBM-92f3685a    GRCh38  chr20             2088698,2088728  2.1328  0.2104  0.2180  ALFRED
    '''
        print(terminal.out)
>       assert testout.strip() == terminal.out.strip()
E       AssertionError: assert 'Name        ....2180  ALFRED' == 'Name        ...0.2180 ALFRED'
E         - Name         PermID Reference Chrom                    Offsets     Ae     In    Fst Source
E         + Name          PermID Reference  Chrom                     Offsets      Ae      In     Fst  Source
E         ?     +                          +     +                                +       +  +       +
E         - mh06KK-101 MHDBM-8a2c760e    GRCh38  chr6        170280714,170280900 1.6705 0.2296 0.2590 ALFRED
E         +  mh06KK-101  MHDBM-8a2c760e    GRCh38   chr6         170280714,170280900  1.6705  0.2296  0.2590  ALFRED
E         ? +          +                           +    +                            +       +     ...
E         
E         ...Full output truncated (7 lines hidden), use '-vv' to show

../_test_env_placehold_placehold_placehold_placehold_placehold_placehold_placehold_placehold_placehold_placehold_placehold_placehold_placehold_placehold_placehold_placehold_placehold_placehold_placehol/lib/python3.9/site-packages/microhapdb/tests/test_cli.py:212: AssertionError
----------------------------- Captured stdout call -----------------------------
      Name         PermID Reference Chrom                    Offsets     Ae     In    Fst Source
mh06KK-101 MHDBM-8a2c760e    GRCh38  chr6        170280714,170280900 1.6705 0.2296 0.2590 ALFRED
mh15KK-058 MHDBM-d6c594d2    GRCh38 chr15 28120284,28120471,28120586 2.2110 0.3799 0.0862 ALFRED
mh20KK-035 MHDBM-92f3685a    GRCh38 chr20            2088698,2088728 2.1328 0.2104 0.2180 ALFRED

_________________________________ test_lookup __________________________________

capsys = <_pytest.capture.CaptureFixture object at 0x107b5b610>

    def test_lookup(capsys):
        arglist = ['lookup', 'rs10815466']
        args = get_parser().parse_args(arglist)
        microhapdb.cli.main(args)
        out, err = capsys.readouterr()
>       assert 'mh09KK-033  MHDBM-8458b727    GRCh38  chr9         680713,680762,680790  2.9343  0.1008  0.0504         ALFRED' in out
E       AssertionError: assert 'mh09KK-033  MHDBM-8458b727    GRCh38  chr9         680713,680762,680790  2.9343  0.1008  0.0504         ALFRED' in '      Name         PermID Reference Chrom                     Offsets     Ae     In    Fst        Source\nmh09KK-033 ...    ALFRED\n mh09AT-15 MHDBM-b46abf2e    GRCh38  chr9 680713,680762,680767,680790 2.9471 0.1160 0.0602 ISFG2019:P597\n'

../_test_env_placehold_placehold_placehold_placehold_placehold_placehold_placehold_placehold_placehold_placehold_placehold_placehold_placehold_placehold_placehold_placehold_placehold_placehold_placehol/lib/python3.9/site-packages/microhapdb/tests/test_cli.py:278: AssertionError
_________________________________ test_ae_pop __________________________________

capsys = <_pytest.capture.CaptureFixture object at 0x107b0d0d0>

    def test_ae_pop(capsys):
        arglist = ['marker', '--region=chr18:1-25000000', '--ae-pop=CDX']
        args = get_parser().parse_args(arglist)
        microhapdb.cli.main(args)
        terminal = capsys.readouterr()
        exp_out = '''
             Name          PermID Reference  Chrom                                          Offsets      Ae      In     Fst                        Source
     mh18PK-87558  MHDBM-1e5374f1    GRCh38  chr18  1960542,1960557,1960561,1960566,1960582,1960588  1.9767  0.1325  0.0494  10.1016/j.fsigen.2018.05.008
     mh18USC-18pA  MHDBM-56dfa93b    GRCh38  chr18          5280017,5280020,5280070,5280071,5280093  1.8402  0.2130  0.1818  10.1016/j.fsigen.2019.102213
       mh18CP-005  MHDBM-a85754d3    GRCh38  chr18                  8892864,8892893,8892896,8892907  3.3873  0.0904  0.0059                        ALFRED
       mh18KK-285  MHDBM-ea520d26    GRCh38  chr18              24557354,24557431,24557447,24557489  2.6188  0.1721  0.0836                        ALFRED
        mh18AT-38  MHDBM-db09ec41    GRCh38  chr18                       24557431,24557447,24557489  2.6144  0.1419  0.0837                 ISFG2019:P597
    '''
        obs_out = terminal.out
>       assert exp_out.strip() == obs_out.strip()
E       AssertionError: assert 'Name        ...ISFG2019:P597' == 'Name        ...ISFG2019:P597'
E         - Name         PermID Reference Chrom                                         Offsets     Ae     In    Fst                       Source
E         + Name          PermID Reference  Chrom                                          Offsets      Ae      In     Fst                        Source
E         ?     +                          +     +                                                     +       +  +       +
E         - mh18PK-87558 MHDBM-1e5374f1    GRCh38 chr18 1960542,1960557,1960561,1960566,1960582,1960588 1.9767 0.1325 0.0494 10.1016/j.fsigen.2018.05.008
E         +  mh18PK-87558  MHDBM-1e5374f1    GRCh38  ...
E         
E         ...Full output truncated (14 lines hidden), use '-vv' to show

../_test_env_placehold_placehold_placehold_placehold_placehold_placehold_placehold_placehold_placehold_placehold_placehold_placehold_placehold_placehold_placehold_placehold_placehold_placehold_placehol/lib/python3.9/site-packages/microhapdb/tests/test_cli.py:296: AssertionError
__________________________________ test_hg37 ___________________________________

capsys = <_pytest.capture.CaptureFixture object at 0x107af2520>

    def test_hg37(capsys):
        arglist = ['marker', '--region=chr18:1-25000000', '--GRCh37']
        args = get_parser().parse_args(arglist)
        microhapdb.cli.main(args)
        terminal = capsys.readouterr()
        exp_out = '''
             Name          PermID Reference  Chrom                                          Offsets      Ae      In     Fst                        Source
     mh18PK-87558  MHDBM-1e5374f1    GRCh37  chr18  1960543,1960558,1960562,1960567,1960583,1960589  2.3659  0.1325  0.0494  10.1016/j.fsigen.2018.05.008
     mh18USC-18pA  MHDBM-56dfa93b    GRCh37  chr18          5280016,5280019,5280069,5280070,5280092  3.4330  0.2130  0.1818  10.1016/j.fsigen.2019.102213
       mh18CP-005  MHDBM-a85754d3    GRCh37  chr18                  8892862,8892891,8892894,8892905  3.6722  0.0904  0.0059                        ALFRED
       mh18KK-285  MHDBM-ea520d26    GRCh37  chr18              22137318,22137395,22137411,22137453  2.7524  0.1721  0.0836                        ALFRED
        mh18AT-38  MHDBM-db09ec41    GRCh37  chr18                       22137395,22137411,22137453  2.7093  0.1419  0.0837                 ISFG2019:P597
       mh18CP-003  MHDBM-6fdf83f9    GRCh37  chr18                       23068395,23068425,23068433  3.1124  0.1061  0.0183                        ALFRED
    '''
        obs_out = terminal.out
>       assert exp_out.strip() == obs_out.strip()
E       AssertionError: assert 'Name        ...       ALFRED' == 'Name        ...       ALFRED'
E         - Name         PermID Reference Chrom                                         Offsets     Ae     In    Fst                       Source
E         + Name          PermID Reference  Chrom                                          Offsets      Ae      In     Fst                        Source
E         ?     +                          +     +                                                     +       +  +       +
E         - mh18PK-87558 MHDBM-1e5374f1    GRCh37 chr18 1960543,1960558,1960562,1960567,1960583,1960589 2.3659 0.1325 0.0494 10.1016/j.fsigen.2018.05.008
E         +  mh18PK-87558  MHDBM-1e5374f1    GRCh37  ...
E         
E         ...Full output truncated (17 lines hidden), use '-vv' to show

../_test_env_placehold_placehold_placehold_placehold_placehold_placehold_placehold_placehold_placehold_placehold_placehold_placehold_placehold_placehold_placehold_placehold_placehold_placehold_placehol/lib/python3.9/site-packages/microhapdb/tests/test_cli.py:321: AssertionError
_______________________________ test_h37_ae_pop ________________________________

capsys = <_pytest.capture.CaptureFixture object at 0x107a19100>

    def test_h37_ae_pop(capsys):
        arglist = ['marker', '--region=chr18:50000000-80000000', '--GRCh37', '--ae-pop=PJL']
        args = get_parser().parse_args(arglist)
        microhapdb.cli.main(args)
        terminal = capsys.readouterr()
        exp_out = '''
             Name          PermID Reference  Chrom                              Offsets      Ae      In     Fst                        Source
     mh18USC-18qB  MHDBM-14fcada5    GRCh37  chr18           50547498,50547528,50547540  3.8565  0.1449  0.0500  10.1016/j.fsigen.2019.102213
     mh18USC-18qC  MHDBM-6bf74efc    GRCh37  chr18  63842523,63842541,63842557,63842562  3.5570  0.1436 -0.0049  10.1016/j.fsigen.2019.102213
       mh18KK-293  MHDBM-13ed6da8    GRCh37  chr18  76089885,76089906,76089944,76089967  2.6445  0.2495  0.0837                        ALFRED
        mh18AT-39  MHDBM-13ed6da8    GRCh37  chr18  76089885,76089906,76089944,76089967  2.6445  0.2495  0.0837                 ISFG2019:P597
    '''
        obs_out = terminal.out
>       assert exp_out.strip() == obs_out.strip()
E       AssertionError: assert 'Name        ...ISFG2019:P597' == 'Name        ...ISFG2019:P597'
E         - Name         PermID Reference Chrom                             Offsets     Ae     In     Fst                       Source
E         + Name          PermID Reference  Chrom                              Offsets      Ae      In     Fst                        Source
E         ?     +                          +     +                                         +       +          +
E         - mh18USC-18qB MHDBM-14fcada5    GRCh37 chr18          50547498,50547528,50547540 3.8565 0.1449  0.0500 10.1016/j.fsigen.2019.102213
E         +  mh18USC-18qB  MHDBM-14fcada5    GRCh37  chr18           50547498,50547528,50547540  3....
E         
E         ...Full output truncated (11 lines hidden), use '-vv' to show

../_test_env_placehold_placehold_placehold_placehold_placehold_placehold_placehold_placehold_placehold_placehold_placehold_placehold_placehold_placehold_placehold_placehold_placehold_placehold_placehol/lib/python3.9/site-packages/microhapdb/tests/test_cli.py:389: AssertionError
_ test_all_sources[mh22KK-064-SA000009J-A,A,T,AATAATT-mh22KK-064  SA000009J  A,A,T,AATAATT      0.828] _

marker = 'mh22KK-064', pop = 'SA000009J', allele = 'A,A,T,AATAATT'
data = 'mh22KK-064  SA000009J  A,A,T,AATAATT      0.828'
capsys = <_pytest.capture.CaptureFixture object at 0x1079ccf40>

    @pytest.mark.parametrize('marker,pop,allele,data', [
        ('mh22KK-064', 'SA000009J', 'A,A,T,AATAATT', 'mh22KK-064  SA000009J  A,A,T,AATAATT      0.828'),
        ('mh06PK-24844', 'MHDBP-383d86606a', 'C,C,G,C,C,C,A,A,A,A', 'mh06PK-24844  MHDBP-383d86606a  C,C,G,C,C,C,A,A,A,A      0.005'),
        ('mh20AT-40', 'MHDBP-7c055e7ee8', 'T,C,G', 'mh20AT-40  MHDBP-7c055e7ee8  T,C,G     0.0806'),
        ('mh11NH-17', 'MHDBP-63967b883e', 'C,G,G', 'mh11NH-17  MHDBP-63967b883e  C,G,G      0.153'),
        ('mh01CP-016', 'MHDBP-48c2cfb2aa', 'T,G,A', 'mh01CP-016  MHDBP-48c2cfb2aa  T,G,A     0.2916'),
    ])
    def test_all_sources(marker, pop, allele, data, capsys):
        arglist = ['frequency', '--marker', marker, '--population', pop, '--allele', allele]
        args = microhapdb.cli.get_parser().parse_args(arglist)
        microhapdb.cli.frequency.main(args)
        terminal = capsys.readouterr()
        print(terminal.out)
>       assert data in terminal.out
E       AssertionError: assert 'mh22KK-064  SA000009J  A,A,T,AATAATT      0.828' in '    Marker Population        Allele  Frequency\nmh22KK-064  SA000009J A,A,T,AATAATT      0.828\n'
E        +  where '    Marker Population        Allele  Frequency\nmh22KK-064  SA000009J A,A,T,AATAATT      0.828\n' = CaptureResult(out='    Marker Population        Allele  Frequency\nmh22KK-064  SA000009J A,A,T,AATAATT      0.828\n', err='').out

../_test_env_placehold_placehold_placehold_placehold_placehold_placehold_placehold_placehold_placehold_placehold_placehold_placehold_placehold_placehold_placehold_placehold_placehold_placehold_placehol/lib/python3.9/site-packages/microhapdb/tests/test_frequency.py:79: AssertionError
----------------------------- Captured stdout call -----------------------------
    Marker Population        Allele  Frequency
mh22KK-064  SA000009J A,A,T,AATAATT      0.828

_ test_all_sources[mh06PK-24844-MHDBP-383d86606a-C,C,G,C,C,C,A,A,A,A-mh06PK-24844  MHDBP-383d86606a  C,C,G,C,C,C,A,A,A,A      0.005] _

marker = 'mh06PK-24844', pop = 'MHDBP-383d86606a'
allele = 'C,C,G,C,C,C,A,A,A,A'
data = 'mh06PK-24844  MHDBP-383d86606a  C,C,G,C,C,C,A,A,A,A      0.005'
capsys = <_pytest.capture.CaptureFixture object at 0x107a204c0>

    @pytest.mark.parametrize('marker,pop,allele,data', [
        ('mh22KK-064', 'SA000009J', 'A,A,T,AATAATT', 'mh22KK-064  SA000009J  A,A,T,AATAATT      0.828'),
        ('mh06PK-24844', 'MHDBP-383d86606a', 'C,C,G,C,C,C,A,A,A,A', 'mh06PK-24844  MHDBP-383d86606a  C,C,G,C,C,C,A,A,A,A      0.005'),
        ('mh20AT-40', 'MHDBP-7c055e7ee8', 'T,C,G', 'mh20AT-40  MHDBP-7c055e7ee8  T,C,G     0.0806'),
        ('mh11NH-17', 'MHDBP-63967b883e', 'C,G,G', 'mh11NH-17  MHDBP-63967b883e  C,G,G      0.153'),
        ('mh01CP-016', 'MHDBP-48c2cfb2aa', 'T,G,A', 'mh01CP-016  MHDBP-48c2cfb2aa  T,G,A     0.2916'),
    ])
    def test_all_sources(marker, pop, allele, data, capsys):
        arglist = ['frequency', '--marker', marker, '--population', pop, '--allele', allele]
        args = microhapdb.cli.get_parser().parse_args(arglist)
        microhapdb.cli.frequency.main(args)
        terminal = capsys.readouterr()
        print(terminal.out)
>       assert data in terminal.out
E       AssertionError: assert 'mh06PK-24844  MHDBP-383d86606a  C,C,G,C,C,C,A,A,A,A      0.005' in '      Marker       Population              Allele  Frequency\nmh06PK-24844 MHDBP-383d86606a C,C,G,C,C,C,A,A,A,A      0.005\n'
E        +  where '      Marker       Population              Allele  Frequency\nmh06PK-24844 MHDBP-383d86606a C,C,G,C,C,C,A,A,A,A      0.005\n' = CaptureResult(out='      Marker       Population              Allele  Frequency\nmh06PK-24844 MHDBP-383d86606a C,C,G,C,C,C,A,A,A,A      0.005\n', err='').out

../_test_env_placehold_placehold_placehold_placehold_placehold_placehold_placehold_placehold_placehold_placehold_placehold_placehold_placehold_placehold_placehold_placehold_placehold_placehold_placehol/lib/python3.9/site-packages/microhapdb/tests/test_frequency.py:79: AssertionError
----------------------------- Captured stdout call -----------------------------
      Marker       Population              Allele  Frequency
mh06PK-24844 MHDBP-383d86606a C,C,G,C,C,C,A,A,A,A      0.005

_ test_all_sources[mh20AT-40-MHDBP-7c055e7ee8-T,C,G-mh20AT-40  MHDBP-7c055e7ee8  T,C,G     0.0806] _

marker = 'mh20AT-40', pop = 'MHDBP-7c055e7ee8', allele = 'T,C,G'
data = 'mh20AT-40  MHDBP-7c055e7ee8  T,C,G     0.0806'
capsys = <_pytest.capture.CaptureFixture object at 0x107b6b970>

    @pytest.mark.parametrize('marker,pop,allele,data', [
        ('mh22KK-064', 'SA000009J', 'A,A,T,AATAATT', 'mh22KK-064  SA000009J  A,A,T,AATAATT      0.828'),
        ('mh06PK-24844', 'MHDBP-383d86606a', 'C,C,G,C,C,C,A,A,A,A', 'mh06PK-24844  MHDBP-383d86606a  C,C,G,C,C,C,A,A,A,A      0.005'),
        ('mh20AT-40', 'MHDBP-7c055e7ee8', 'T,C,G', 'mh20AT-40  MHDBP-7c055e7ee8  T,C,G     0.0806'),
        ('mh11NH-17', 'MHDBP-63967b883e', 'C,G,G', 'mh11NH-17  MHDBP-63967b883e  C,G,G      0.153'),
        ('mh01CP-016', 'MHDBP-48c2cfb2aa', 'T,G,A', 'mh01CP-016  MHDBP-48c2cfb2aa  T,G,A     0.2916'),
    ])
    def test_all_sources(marker, pop, allele, data, capsys):
        arglist = ['frequency', '--marker', marker, '--population', pop, '--allele', allele]
        args = microhapdb.cli.get_parser().parse_args(arglist)
        microhapdb.cli.frequency.main(args)
        terminal = capsys.readouterr()
        print(terminal.out)
>       assert data in terminal.out
E       AssertionError: assert 'mh20AT-40  MHDBP-7c055e7ee8  T,C,G     0.0806' in '   Marker       Population Allele  Frequency\nmh20AT-40 MHDBP-7c055e7ee8  T,C,G     0.0806\n'
E        +  where '   Marker       Population Allele  Frequency\nmh20AT-40 MHDBP-7c055e7ee8  T,C,G     0.0806\n' = CaptureResult(out='   Marker       Population Allele  Frequency\nmh20AT-40 MHDBP-7c055e7ee8  T,C,G     0.0806\n', err='').out

../_test_env_placehold_placehold_placehold_placehold_placehold_placehold_placehold_placehold_placehold_placehold_placehold_placehold_placehold_placehold_placehold_placehold_placehold_placehold_placehol/lib/python3.9/site-packages/microhapdb/tests/test_frequency.py:79: AssertionError
----------------------------- Captured stdout call -----------------------------
   Marker       Population Allele  Frequency
mh20AT-40 MHDBP-7c055e7ee8  T,C,G     0.0806

_ test_all_sources[mh11NH-17-MHDBP-63967b883e-C,G,G-mh11NH-17  MHDBP-63967b883e  C,G,G      0.153] _

marker = 'mh11NH-17', pop = 'MHDBP-63967b883e', allele = 'C,G,G'
data = 'mh11NH-17  MHDBP-63967b883e  C,G,G      0.153'
capsys = <_pytest.capture.CaptureFixture object at 0x107b80dc0>

    @pytest.mark.parametrize('marker,pop,allele,data', [
        ('mh22KK-064', 'SA000009J', 'A,A,T,AATAATT', 'mh22KK-064  SA000009J  A,A,T,AATAATT      0.828'),
        ('mh06PK-24844', 'MHDBP-383d86606a', 'C,C,G,C,C,C,A,A,A,A', 'mh06PK-24844  MHDBP-383d86606a  C,C,G,C,C,C,A,A,A,A      0.005'),
        ('mh20AT-40', 'MHDBP-7c055e7ee8', 'T,C,G', 'mh20AT-40  MHDBP-7c055e7ee8  T,C,G     0.0806'),
        ('mh11NH-17', 'MHDBP-63967b883e', 'C,G,G', 'mh11NH-17  MHDBP-63967b883e  C,G,G      0.153'),
        ('mh01CP-016', 'MHDBP-48c2cfb2aa', 'T,G,A', 'mh01CP-016  MHDBP-48c2cfb2aa  T,G,A     0.2916'),
    ])
    def test_all_sources(marker, pop, allele, data, capsys):
        arglist = ['frequency', '--marker', marker, '--population', pop, '--allele', allele]
        args = microhapdb.cli.get_parser().parse_args(arglist)
        microhapdb.cli.frequency.main(args)
        terminal = capsys.readouterr()
        print(terminal.out)
>       assert data in terminal.out
E       AssertionError: assert 'mh11NH-17  MHDBP-63967b883e  C,G,G      0.153' in '   Marker       Population Allele  Frequency\nmh11NH-17 MHDBP-63967b883e  C,G,G      0.153\n'
E        +  where '   Marker       Population Allele  Frequency\nmh11NH-17 MHDBP-63967b883e  C,G,G      0.153\n' = CaptureResult(out='   Marker       Population Allele  Frequency\nmh11NH-17 MHDBP-63967b883e  C,G,G      0.153\n', err='').out

../_test_env_placehold_placehold_placehold_placehold_placehold_placehold_placehold_placehold_placehold_placehold_placehold_placehold_placehold_placehold_placehold_placehold_placehold_placehold_placehol/lib/python3.9/site-packages/microhapdb/tests/test_frequency.py:79: AssertionError
----------------------------- Captured stdout call -----------------------------
   Marker       Population Allele  Frequency
mh11NH-17 MHDBP-63967b883e  C,G,G      0.153

_ test_all_sources[mh01CP-016-MHDBP-48c2cfb2aa-T,G,A-mh01CP-016  MHDBP-48c2cfb2aa  T,G,A     0.2916] _

marker = 'mh01CP-016', pop = 'MHDBP-48c2cfb2aa', allele = 'T,G,A'
data = 'mh01CP-016  MHDBP-48c2cfb2aa  T,G,A     0.2916'
capsys = <_pytest.capture.CaptureFixture object at 0x107c537f0>

    @pytest.mark.parametrize('marker,pop,allele,data', [
        ('mh22KK-064', 'SA000009J', 'A,A,T,AATAATT', 'mh22KK-064  SA000009J  A,A,T,AATAATT      0.828'),
        ('mh06PK-24844', 'MHDBP-383d86606a', 'C,C,G,C,C,C,A,A,A,A', 'mh06PK-24844  MHDBP-383d86606a  C,C,G,C,C,C,A,A,A,A      0.005'),
        ('mh20AT-40', 'MHDBP-7c055e7ee8', 'T,C,G', 'mh20AT-40  MHDBP-7c055e7ee8  T,C,G     0.0806'),
        ('mh11NH-17', 'MHDBP-63967b883e', 'C,G,G', 'mh11NH-17  MHDBP-63967b883e  C,G,G      0.153'),
        ('mh01CP-016', 'MHDBP-48c2cfb2aa', 'T,G,A', 'mh01CP-016  MHDBP-48c2cfb2aa  T,G,A     0.2916'),
    ])
    def test_all_sources(marker, pop, allele, data, capsys):
        arglist = ['frequency', '--marker', marker, '--population', pop, '--allele', allele]
        args = microhapdb.cli.get_parser().parse_args(arglist)
        microhapdb.cli.frequency.main(args)
        terminal = capsys.readouterr()
        print(terminal.out)
>       assert data in terminal.out
E       AssertionError: assert 'mh01CP-016  MHDBP-48c2cfb2aa  T,G,A     0.2916' in '    Marker       Population Allele  Frequency\nmh01CP-016 MHDBP-48c2cfb2aa  T,G,A     0.2916\n'
E        +  where '    Marker       Population Allele  Frequency\nmh01CP-016 MHDBP-48c2cfb2aa  T,G,A     0.2916\n' = CaptureResult(out='    Marker       Population Allele  Frequency\nmh01CP-016 MHDBP-48c2cfb2aa  T,G,A     0.2916\n', err='').out

../_test_env_placehold_placehold_placehold_placehold_placehold_placehold_placehold_placehold_placehold_placehold_placehold_placehold_placehold_placehold_placehold_placehold_placehold_placehold_placehol/lib/python3.9/site-packages/microhapdb/tests/test_frequency.py:79: AssertionError
----------------------------- Captured stdout call -----------------------------
    Marker       Population Allele  Frequency
mh01CP-016 MHDBP-48c2cfb2aa  T,G,A     0.2916

______________________________ test_marker_table _______________________________

capsys = <_pytest.capture.CaptureFixture object at 0x107b800d0>

    def test_marker_table(capsys):
        marker = microhapdb.markers[microhapdb.markers.Name == 'mh04CP-003']
        microhapdb.marker.print_table(marker)
        testout = '''
           Name          PermID Reference Chrom                  Offsets      Ae      In     Fst  Source
     mh04CP-003  MHDBM-2be52d8b    GRCh38  chr4  4324722,4324735,4324749  2.9151  0.1668  0.0321  ALFRED
    '''
        terminal = capsys.readouterr()
>       assert terminal.out.strip() == testout.strip()
E       AssertionError: assert 'Name        ...0.0321 ALFRED' == 'Name        ....0321  ALFRED'
E         - Name          PermID Reference Chrom                  Offsets      Ae      In     Fst  Source
E         ?     -                               -                             -       -  -       -
E         + Name         PermID Reference Chrom                 Offsets     Ae     In    Fst Source
E         -  mh04CP-003  MHDBM-2be52d8b    GRCh38  chr4  4324722,4324735,4324749  2.9151  0.1668  0.0321  ALFRED
E         ? -          -                               -                         -       -       -       -
E         + mh04CP-003 MHDBM-2be52d8b    GRCh38  chr4 4324722,4324735,4324749 2.9151 0.1668 0.0321 ALFRED

../_test_env_placehold_placehold_placehold_placehold_placehold_placehold_placehold_placehold_placehold_placehold_placehold_placehold_placehold_placehold_placehold_placehold_placehold_placehold_placehol/lib/python3.9/site-packages/microhapdb/tests/test_marker.py:63: AssertionError
___________________________ test_marker_table_multi ____________________________

capsys = <_pytest.capture.CaptureFixture object at 0x107c538b0>

    def test_marker_table_multi(capsys):
        markers = microhapdb.markers.query('Name.str.contains("PK")').head(n=5)
        microhapdb.marker.print_table(markers)
        testout = '''
             Name          PermID Reference  Chrom                                            Offsets      Ae      In     Fst                        Source
     mh06PK-24844  MHDBM-aa39cbba    GRCh38   chr6  13861392,13861399,13861414,13861421,13861430,1...     NaN     NaN     NaN  10.1016/j.fsigen.2018.05.008
     mh06PK-25713  MHDBM-7d00efdc    GRCh38   chr6  31196949,31196961,31196972,31196985,31196992,3...  2.9544  0.0898  0.0681  10.1016/j.fsigen.2018.05.008
     mh07PK-38311  MHDBM-3ae6dc1b    GRCh38   chr7                52677450,52677456,52677462,52677508  3.2638  0.1000  0.1927  10.1016/j.fsigen.2018.05.008
     mh08PK-46625  MHDBM-840756f3    GRCh38   chr8                    1194352,1194356,1194364,1194371  2.3775  0.1132  0.1395  10.1016/j.fsigen.2018.05.008
     mh10PK-62104  MHDBM-5f9c6cab    GRCh38  chr10  127392565,127392577,127392596,127392610,127392...  2.0068  0.0482  0.1032  10.1016/j.fsigen.2018.05.008
    '''
        testoutlong = '''
             Name          PermID Reference  Chrom                                                                                    Offsets      Ae      In     Fst                        Source
     mh06PK-24844  MHDBM-aa39cbba    GRCh38   chr6  13861392,13861399,13861414,13861421,13861430,13861434,13861438,13861439,13861440,13861446     NaN     NaN     NaN  10.1016/j.fsigen.2018.05.008
     mh06PK-25713  MHDBM-7d00efdc    GRCh38   chr6                                      31196949,31196961,31196972,31196985,31196992,31197001  2.9544  0.0898  0.0681  10.1016/j.fsigen.2018.05.008
     mh07PK-38311  MHDBM-3ae6dc1b    GRCh38   chr7                                                        52677450,52677456,52677462,52677508  3.2638  0.1000  0.1927  10.1016/j.fsigen.2018.05.008
     mh08PK-46625  MHDBM-840756f3    GRCh38   chr8                                                            1194352,1194356,1194364,1194371  2.3775  0.1132  0.1395  10.1016/j.fsigen.2018.05.008
     mh10PK-62104  MHDBM-5f9c6cab    GRCh38  chr10                      127392565,127392577,127392596,127392610,127392611,127392620,127392632  2.0068  0.0482  0.1032  10.1016/j.fsigen.2018.05.008
    '''
        terminal = capsys.readouterr()
        print(terminal.out)
>       assert terminal.out.strip() == testout.strip() or terminal.out.strip() == testoutlong.strip()
E       AssertionError: assert ('Name        ...n.2018.05.008' == 'Name        ...n.2018.05.008'
E         - Name          PermID Reference  Chrom                                            Offsets      Ae      In     Fst                        Source
E         ?     -                          -                                                             -       -  -       -
E         + Name         PermID Reference Chrom                                                                                   Offsets     Ae     In    Fst                       Source
E         ?                                    +++++++++++++++++++++++++++++++++++++++
E         -  mh06PK-24844  MHDBM-aa39cbba    GRCh38   chr6  13861392,13861...
E         
E         ...Full output truncated (20 lines hidden), use '-vv' to show or 'Name        ...n.2018.05.008' == 'Name        ...n.2018.05.008'
E         - Name          PermID Reference  Chrom                                                                                    Offsets      Ae      In     Fst                        Source
E         ?     -                          -     -                                                                                               -       -  -       -
E         + Name         PermID Reference Chrom                                                                                   Offsets     Ae     In    Fst                       Source
E         -  mh06PK-24844  MHDBM-aa39cbba    GRCh38   chr6  13861392,1...
E         
E         ...Full output truncated (15 lines hidden), use '-vv' to show)

../_test_env_placehold_placehold_placehold_placehold_placehold_placehold_placehold_placehold_placehold_placehold_placehold_placehold_placehold_placehold_placehold_placehold_placehold_placehold_placehol/lib/python3.9/site-packages/microhapdb/tests/test_marker.py:87: AssertionError
----------------------------- Captured stdout call -----------------------------
        Name         PermID Reference Chrom                                                                                   Offsets     Ae     In    Fst                       Source
mh06PK-24844 MHDBM-aa39cbba    GRCh38  chr6 13861392,13861399,13861414,13861421,13861430,13861434,13861438,13861439,13861440,13861446    NaN    NaN    NaN 10.1016/j.fsigen.2018.05.008
mh06PK-25713 MHDBM-7d00efdc    GRCh38  chr6                                     31196949,31196961,31196972,31196985,31196992,31197001 2.9544 0.0898 0.0681 10.1016/j.fsigen.2018.05.008
mh07PK-38311 MHDBM-3ae6dc1b    GRCh38  chr7                                                       52677450,52677456,52677462,52677508 3.2638 0.1000 0.1927 10.1016/j.fsigen.2018.05.008
mh08PK-46625 MHDBM-840756f3    GRCh38  chr8                                                           1194352,1194356,1194364,1194371 2.3775 0.1132 0.1395 10.1016/j.fsigen.2018.05.008
mh10PK-62104 MHDBM-5f9c6cab    GRCh38 chr10                     127392565,127392577,127392596,127392610,127392611,127392620,127392632 2.0068 0.0482 0.1032 10.1016/j.fsigen.2018.05.008

_______________________ test_marker_table_multi_notrunc ________________________

capsys = <_pytest.capture.CaptureFixture object at 0x107b908b0>

    def test_marker_table_multi_notrunc(capsys):
        markers = microhapdb.markers.query('Name.str.contains("PK")').head(n=5)
        microhapdb.marker.print_table(markers, trunc=False)
        testoutlong = '''
             Name          PermID Reference  Chrom                                                                                    Offsets      Ae      In     Fst                        Source
     mh06PK-24844  MHDBM-aa39cbba    GRCh38   chr6  13861392,13861399,13861414,13861421,13861430,13861434,13861438,13861439,13861440,13861446     NaN     NaN     NaN  10.1016/j.fsigen.2018.05.008
     mh06PK-25713  MHDBM-7d00efdc    GRCh38   chr6                                      31196949,31196961,31196972,31196985,31196992,31197001  2.9544  0.0898  0.0681  10.1016/j.fsigen.2018.05.008
     mh07PK-38311  MHDBM-3ae6dc1b    GRCh38   chr7                                                        52677450,52677456,52677462,52677508  3.2638  0.1000  0.1927  10.1016/j.fsigen.2018.05.008
     mh08PK-46625  MHDBM-840756f3    GRCh38   chr8                                                            1194352,1194356,1194364,1194371  2.3775  0.1132  0.1395  10.1016/j.fsigen.2018.05.008
     mh10PK-62104  MHDBM-5f9c6cab    GRCh38  chr10                      127392565,127392577,127392596,127392610,127392611,127392620,127392632  2.0068  0.0482  0.1032  10.1016/j.fsigen.2018.05.008
    '''
        terminal = capsys.readouterr()
        print(terminal.out)
>       assert terminal.out.strip() == testoutlong.strip()
E       AssertionError: assert 'Name        ...n.2018.05.008' == 'Name        ...n.2018.05.008'
E         - Name          PermID Reference  Chrom                                                                                    Offsets      Ae      In     Fst                        Source
E         ?     -                          -     -                                                                                               -       -  -       -
E         + Name         PermID Reference Chrom                                                                                   Offsets     Ae     In    Fst                       Source
E         -  mh06PK-24844  MHDBM-aa39cbba    GRCh38   chr6  13861392,1...
E         
E         ...Full output truncated (15 lines hidden), use '-vv' to show

../_test_env_placehold_placehold_placehold_placehold_placehold_placehold_placehold_placehold_placehold_placehold_placehold_placehold_placehold_placehold_placehold_placehold_placehold_placehold_placehol/lib/python3.9/site-packages/microhapdb/tests/test_marker.py:103: AssertionError
----------------------------- Captured stdout call -----------------------------
        Name         PermID Reference Chrom                                                                                   Offsets     Ae     In    Fst                       Source
mh06PK-24844 MHDBM-aa39cbba    GRCh38  chr6 13861392,13861399,13861414,13861421,13861430,13861434,13861438,13861439,13861440,13861446    NaN    NaN    NaN 10.1016/j.fsigen.2018.05.008
mh06PK-25713 MHDBM-7d00efdc    GRCh38  chr6                                     31196949,31196961,31196972,31196985,31196992,31197001 2.9544 0.0898 0.0681 10.1016/j.fsigen.2018.05.008
mh07PK-38311 MHDBM-3ae6dc1b    GRCh38  chr7                                                       52677450,52677456,52677462,52677508 3.2638 0.1000 0.1927 10.1016/j.fsigen.2018.05.008
mh08PK-46625 MHDBM-840756f3    GRCh38  chr8                                                           1194352,1194356,1194364,1194371 2.3775 0.1132 0.1395 10.1016/j.fsigen.2018.05.008
mh10PK-62104 MHDBM-5f9c6cab    GRCh38 chr10                     127392565,127392577,127392596,127392610,127392611,127392620,127392632 2.0068 0.0482 0.1032 10.1016/j.fsigen.2018.05.008

_ test_all_sources[mh04KK-010-mh04KK-010  MHDBM-07c8d144    GRCh38  chr4  1985210,1985244  2.9226  0.1306  0.0406  ALFRED] _

name = 'mh04KK-010'
data = 'mh04KK-010  MHDBM-07c8d144    GRCh38  chr4  1985210,1985244  2.9226  0.1306  0.0406  ALFRED'
capsys = <_pytest.capture.CaptureFixture object at 0x107b74d90>

    @pytest.mark.parametrize('name,data', [
        ('mh04KK-010', 'mh04KK-010  MHDBM-07c8d144    GRCh38  chr4  1985210,1985244  2.9226  0.1306  0.0406  ALFRED'),
        ('mh08PK-46625', 'mh08PK-46625  MHDBM-840756f3    GRCh38  chr8  1194352,1194356,1194364,1194371  2.3775  0.1132  0.1395  10.1016/j.fsigen.2018.05.008'),
        ('mh04AT-10', 'mh04AT-10  MHDBM-07c8d144    GRCh38  chr4  1985210,1985244  2.9226  0.1306  0.0406  ISFG2019:P597'),
        ('mh01NH-03', 'mh01NH-03  MHDBM-e7a95c5e    GRCh38  chr1  184807944,184807966,184808042  1.9086  0.1987  0.1725  10.1016/j.legalmed.2015.06.003'),
        ('mh04CP-004', 'mh04CP-004  MHDBM-8408d717    GRCh38  chr4  7402842,7402854,7402870  2.6744  0.0477  0.061  10.1016/j.fsigen.2019.02.018'),
        ('mh03LV-07', 'mh03LV-07  MHDBM-5f7e29b6    GRCh38  chr3  5783508,5783509,5783518,5783523,5783525,5783531,5783541,5783542,5783543,5783544,5783552,5783562,5783564,5783571,5783577,5783607,5783608,5783611,5783612,5783617,5783618,5783619,5783623,5783626,5783635,5783648,5783652,5783653,5783663,5783664,5783671,5783672,5783673,5783676,5783677,5783678,5783681,5783684,5783687,5783695,5783704,5783705  14.0275  1.081  0.057  10.1016/j.fsigen.2018.05.001'),
        ('mh09USC-9pB', 'mh09USC-9pB  MHDBM-7da7af40    GRCh38  chr9  31196676,31196714,31196731,31196744  3.0919  0.1616  0.0574  10.1016/j.fsigen.2019.102213'),
    ])
    def test_all_sources(name, data, capsys):
        marker = microhapdb.markers[microhapdb.markers.Name == name]
        microhapdb.marker.print_table(marker, trunc=False)
        terminal = capsys.readouterr()
        print(terminal.out)
>       assert data in terminal.out
E       AssertionError: assert 'mh04KK-010  MHDBM-07c8d144    GRCh38  chr4  1985210,1985244  2.9226  0.1306  0.0406  ALFRED' in '      Name         PermID Reference Chrom         Offsets     Ae     In    Fst Source\nmh04KK-010 MHDBM-07c8d144    GRCh38  chr4 1985210,1985244 2.9226 0.1306 0.0406 ALFRED\n'
E        +  where '      Name         PermID Reference Chrom         Offsets     Ae     In    Fst Source\nmh04KK-010 MHDBM-07c8d144    GRCh38  chr4 1985210,1985244 2.9226 0.1306 0.0406 ALFRED\n' = CaptureResult(out='      Name         PermID Reference Chrom         Offsets     Ae     In    Fst Source\nmh04KK-010 MHDBM-07c8d144    GRCh38  chr4 1985210,1985244 2.9226 0.1306 0.0406 ALFRED\n', err='').out

../_test_env_placehold_placehold_placehold_placehold_placehold_placehold_placehold_placehold_placehold_placehold_placehold_placehold_placehold_placehold_placehold_placehold_placehold_placehold_placehol/lib/python3.9/site-packages/microhapdb/tests/test_marker.py:499: AssertionError
----------------------------- Captured stdout call -----------------------------
      Name         PermID Reference Chrom         Offsets     Ae     In    Fst Source
mh04KK-010 MHDBM-07c8d144    GRCh38  chr4 1985210,1985244 2.9226 0.1306 0.0406 ALFRED

_ test_all_sources[mh08PK-46625-mh08PK-46625  MHDBM-840756f3    GRCh38  chr8  1194352,1194356,1194364,1194371  2.3775  0.1132  0.1395  10.1016/j.fsigen.2018.05.008] _

name = 'mh08PK-46625'
data = 'mh08PK-46625  MHDBM-840756f3    GRCh38  chr8  1194352,1194356,1194364,1194371  2.3775  0.1132  0.1395  10.1016/j.fsigen.2018.05.008'
capsys = <_pytest.capture.CaptureFixture object at 0x107a20130>

    @pytest.mark.parametrize('name,data', [
        ('mh04KK-010', 'mh04KK-010  MHDBM-07c8d144    GRCh38  chr4  1985210,1985244  2.9226  0.1306  0.0406  ALFRED'),
        ('mh08PK-46625', 'mh08PK-46625  MHDBM-840756f3    GRCh38  chr8  1194352,1194356,1194364,1194371  2.3775  0.1132  0.1395  10.1016/j.fsigen.2018.05.008'),
        ('mh04AT-10', 'mh04AT-10  MHDBM-07c8d144    GRCh38  chr4  1985210,1985244  2.9226  0.1306  0.0406  ISFG2019:P597'),
        ('mh01NH-03', 'mh01NH-03  MHDBM-e7a95c5e    GRCh38  chr1  184807944,184807966,184808042  1.9086  0.1987  0.1725  10.1016/j.legalmed.2015.06.003'),
        ('mh04CP-004', 'mh04CP-004  MHDBM-8408d717    GRCh38  chr4  7402842,7402854,7402870  2.6744  0.0477  0.061  10.1016/j.fsigen.2019.02.018'),
        ('mh03LV-07', 'mh03LV-07  MHDBM-5f7e29b6    GRCh38  chr3  5783508,5783509,5783518,5783523,5783525,5783531,5783541,5783542,5783543,5783544,5783552,5783562,5783564,5783571,5783577,5783607,5783608,5783611,5783612,5783617,5783618,5783619,5783623,5783626,5783635,5783648,5783652,5783653,5783663,5783664,5783671,5783672,5783673,5783676,5783677,5783678,5783681,5783684,5783687,5783695,5783704,5783705  14.0275  1.081  0.057  10.1016/j.fsigen.2018.05.001'),
        ('mh09USC-9pB', 'mh09USC-9pB  MHDBM-7da7af40    GRCh38  chr9  31196676,31196714,31196731,31196744  3.0919  0.1616  0.0574  10.1016/j.fsigen.2019.102213'),
    ])
    def test_all_sources(name, data, capsys):
        marker = microhapdb.markers[microhapdb.markers.Name == name]
        microhapdb.marker.print_table(marker, trunc=False)
        terminal = capsys.readouterr()
        print(terminal.out)
>       assert data in terminal.out
E       AssertionError: assert 'mh08PK-46625  MHDBM-840756f3    GRCh38  chr8  1194352,1194356,1194364,1194371  2.3775  0.1132  0.1395  10.1016/j.fsigen.2018.05.008' in '        Name         PermID Reference Chrom                         Offsets     Ae     In    Fst                     ...625 MHDBM-840756f3    GRCh38  chr8 1194352,1194356,1194364,1194371 2.3775 0.1132 0.1395 10.1016/j.fsigen.2018.05.008\n'
E        +  where '        Name         PermID Reference Chrom                         Offsets     Ae     In    Fst                     ...625 MHDBM-840756f3    GRCh38  chr8 1194352,1194356,1194364,1194371 2.3775 0.1132 0.1395 10.1016/j.fsigen.2018.05.008\n' = CaptureResult(out='        Name         PermID Reference Chrom                         Offsets     Ae     In    Fst   ...-840756f3    GRCh38  chr8 1194352,1194356,1194364,1194371 2.3775 0.1132 0.1395 10.1016/j.fsigen.2018.05.008\n', err='').out

../_test_env_placehold_placehold_placehold_placehold_placehold_placehold_placehold_placehold_placehold_placehold_placehold_placehold_placehold_placehold_placehold_placehold_placehold_placehold_placehol/lib/python3.9/site-packages/microhapdb/tests/test_marker.py:499: AssertionError
----------------------------- Captured stdout call -----------------------------
        Name         PermID Reference Chrom                         Offsets     Ae     In    Fst                       Source
mh08PK-46625 MHDBM-840756f3    GRCh38  chr8 1194352,1194356,1194364,1194371 2.3775 0.1132 0.1395 10.1016/j.fsigen.2018.05.008

_ test_all_sources[mh04AT-10-mh04AT-10  MHDBM-07c8d144    GRCh38  chr4  1985210,1985244  2.9226  0.1306  0.0406  ISFG2019:P597] _

name = 'mh04AT-10'
data = 'mh04AT-10  MHDBM-07c8d144    GRCh38  chr4  1985210,1985244  2.9226  0.1306  0.0406  ISFG2019:P597'
capsys = <_pytest.capture.CaptureFixture object at 0x107c89ca0>

    @pytest.mark.parametrize('name,data', [
        ('mh04KK-010', 'mh04KK-010  MHDBM-07c8d144    GRCh38  chr4  1985210,1985244  2.9226  0.1306  0.0406  ALFRED'),
        ('mh08PK-46625', 'mh08PK-46625  MHDBM-840756f3    GRCh38  chr8  1194352,1194356,1194364,1194371  2.3775  0.1132  0.1395  10.1016/j.fsigen.2018.05.008'),
        ('mh04AT-10', 'mh04AT-10  MHDBM-07c8d144    GRCh38  chr4  1985210,1985244  2.9226  0.1306  0.0406  ISFG2019:P597'),
        ('mh01NH-03', 'mh01NH-03  MHDBM-e7a95c5e    GRCh38  chr1  184807944,184807966,184808042  1.9086  0.1987  0.1725  10.1016/j.legalmed.2015.06.003'),
        ('mh04CP-004', 'mh04CP-004  MHDBM-8408d717    GRCh38  chr4  7402842,7402854,7402870  2.6744  0.0477  0.061  10.1016/j.fsigen.2019.02.018'),
        ('mh03LV-07', 'mh03LV-07  MHDBM-5f7e29b6    GRCh38  chr3  5783508,5783509,5783518,5783523,5783525,5783531,5783541,5783542,5783543,5783544,5783552,5783562,5783564,5783571,5783577,5783607,5783608,5783611,5783612,5783617,5783618,5783619,5783623,5783626,5783635,5783648,5783652,5783653,5783663,5783664,5783671,5783672,5783673,5783676,5783677,5783678,5783681,5783684,5783687,5783695,5783704,5783705  14.0275  1.081  0.057  10.1016/j.fsigen.2018.05.001'),
        ('mh09USC-9pB', 'mh09USC-9pB  MHDBM-7da7af40    GRCh38  chr9  31196676,31196714,31196731,31196744  3.0919  0.1616  0.0574  10.1016/j.fsigen.2019.102213'),
    ])
    def test_all_sources(name, data, capsys):
        marker = microhapdb.markers[microhapdb.markers.Name == name]
        microhapdb.marker.print_table(marker, trunc=False)
        terminal = capsys.readouterr()
        print(terminal.out)
>       assert data in terminal.out
E       AssertionError: assert 'mh04AT-10  MHDBM-07c8d144    GRCh38  chr4  1985210,1985244  2.9226  0.1306  0.0406  ISFG2019:P597' in '     Name         PermID Reference Chrom         Offsets     Ae     In    Fst        Source\nmh04AT-10 MHDBM-07c8d144    GRCh38  chr4 1985210,1985244 2.9226 0.1306 0.0406 ISFG2019:P597\n'
E        +  where '     Name         PermID Reference Chrom         Offsets     Ae     In    Fst        Source\nmh04AT-10 MHDBM-07c8d144    GRCh38  chr4 1985210,1985244 2.9226 0.1306 0.0406 ISFG2019:P597\n' = CaptureResult(out='     Name         PermID Reference Chrom         Offsets     Ae     In    Fst        Source\nmh04AT-10 MHDBM-07c8d144    GRCh38  chr4 1985210,1985244 2.9226 0.1306 0.0406 ISFG2019:P597\n', err='').out

../_test_env_placehold_placehold_placehold_placehold_placehold_placehold_placehold_placehold_placehold_placehold_placehold_placehold_placehold_placehold_placehold_placehold_placehold_placehold_placehol/lib/python3.9/site-packages/microhapdb/tests/test_marker.py:499: AssertionError
----------------------------- Captured stdout call -----------------------------
     Name         PermID Reference Chrom         Offsets     Ae     In    Fst        Source
mh04AT-10 MHDBM-07c8d144    GRCh38  chr4 1985210,1985244 2.9226 0.1306 0.0406 ISFG2019:P597

_ test_all_sources[mh01NH-03-mh01NH-03  MHDBM-e7a95c5e    GRCh38  chr1  184807944,184807966,184808042  1.9086  0.1987  0.1725  10.1016/j.legalmed.2015.06.003] _

name = 'mh01NH-03'
data = 'mh01NH-03  MHDBM-e7a95c5e    GRCh38  chr1  184807944,184807966,184808042  1.9086  0.1987  0.1725  10.1016/j.legalmed.2015.06.003'
capsys = <_pytest.capture.CaptureFixture object at 0x107a2c5b0>

    @pytest.mark.parametrize('name,data', [
        ('mh04KK-010', 'mh04KK-010  MHDBM-07c8d144    GRCh38  chr4  1985210,1985244  2.9226  0.1306  0.0406  ALFRED'),
        ('mh08PK-46625', 'mh08PK-46625  MHDBM-840756f3    GRCh38  chr8  1194352,1194356,1194364,1194371  2.3775  0.1132  0.1395  10.1016/j.fsigen.2018.05.008'),
        ('mh04AT-10', 'mh04AT-10  MHDBM-07c8d144    GRCh38  chr4  1985210,1985244  2.9226  0.1306  0.0406  ISFG2019:P597'),
        ('mh01NH-03', 'mh01NH-03  MHDBM-e7a95c5e    GRCh38  chr1  184807944,184807966,184808042  1.9086  0.1987  0.1725  10.1016/j.legalmed.2015.06.003'),
        ('mh04CP-004', 'mh04CP-004  MHDBM-8408d717    GRCh38  chr4  7402842,7402854,7402870  2.6744  0.0477  0.061  10.1016/j.fsigen.2019.02.018'),
        ('mh03LV-07', 'mh03LV-07  MHDBM-5f7e29b6    GRCh38  chr3  5783508,5783509,5783518,5783523,5783525,5783531,5783541,5783542,5783543,5783544,5783552,5783562,5783564,5783571,5783577,5783607,5783608,5783611,5783612,5783617,5783618,5783619,5783623,5783626,5783635,5783648,5783652,5783653,5783663,5783664,5783671,5783672,5783673,5783676,5783677,5783678,5783681,5783684,5783687,5783695,5783704,5783705  14.0275  1.081  0.057  10.1016/j.fsigen.2018.05.001'),
        ('mh09USC-9pB', 'mh09USC-9pB  MHDBM-7da7af40    GRCh38  chr9  31196676,31196714,31196731,31196744  3.0919  0.1616  0.0574  10.1016/j.fsigen.2019.102213'),
    ])
    def test_all_sources(name, data, capsys):
        marker = microhapdb.markers[microhapdb.markers.Name == name]
        microhapdb.marker.print_table(marker, trunc=False)
        terminal = capsys.readouterr()
        print(terminal.out)
>       assert data in terminal.out
E       AssertionError: assert 'mh01NH-03  MHDBM-e7a95c5e    GRCh38  chr1  184807944,184807966,184808042  1.9086  0.1987  0.1725  10.1016/j.legalmed.2015.06.003' in '     Name         PermID Reference Chrom                       Offsets     Ae     In    Fst                         S...-03 MHDBM-e7a95c5e    GRCh38  chr1 184807944,184807966,184808042 1.9086 0.1987 0.1725 10.1016/j.legalmed.2015.06.003\n'
E        +  where '     Name         PermID Reference Chrom                       Offsets     Ae     In    Fst                         S...-03 MHDBM-e7a95c5e    GRCh38  chr1 184807944,184807966,184808042 1.9086 0.1987 0.1725 10.1016/j.legalmed.2015.06.003\n' = CaptureResult(out='     Name         PermID Reference Chrom                       Offsets     Ae     In    Fst        ...-e7a95c5e    GRCh38  chr1 184807944,184807966,184808042 1.9086 0.1987 0.1725 10.1016/j.legalmed.2015.06.003\n', err='').out

../_test_env_placehold_placehold_placehold_placehold_placehold_placehold_placehold_placehold_placehold_placehold_placehold_placehold_placehold_placehold_placehold_placehold_placehold_placehold_placehol/lib/python3.9/site-packages/microhapdb/tests/test_marker.py:499: AssertionError
----------------------------- Captured stdout call -----------------------------
     Name         PermID Reference Chrom                       Offsets     Ae     In    Fst                         Source
mh01NH-03 MHDBM-e7a95c5e    GRCh38  chr1 184807944,184807966,184808042 1.9086 0.1987 0.1725 10.1016/j.legalmed.2015.06.003

_ test_all_sources[mh04CP-004-mh04CP-004  MHDBM-8408d717    GRCh38  chr4  7402842,7402854,7402870  2.6744  0.0477  0.061  10.1016/j.fsigen.2019.02.018] _

name = 'mh04CP-004'
data = 'mh04CP-004  MHDBM-8408d717    GRCh38  chr4  7402842,7402854,7402870  2.6744  0.0477  0.061  10.1016/j.fsigen.2019.02.018'
capsys = <_pytest.capture.CaptureFixture object at 0x107b90160>

    @pytest.mark.parametrize('name,data', [
        ('mh04KK-010', 'mh04KK-010  MHDBM-07c8d144    GRCh38  chr4  1985210,1985244  2.9226  0.1306  0.0406  ALFRED'),
        ('mh08PK-46625', 'mh08PK-46625  MHDBM-840756f3    GRCh38  chr8  1194352,1194356,1194364,1194371  2.3775  0.1132  0.1395  10.1016/j.fsigen.2018.05.008'),
        ('mh04AT-10', 'mh04AT-10  MHDBM-07c8d144    GRCh38  chr4  1985210,1985244  2.9226  0.1306  0.0406  ISFG2019:P597'),
        ('mh01NH-03', 'mh01NH-03  MHDBM-e7a95c5e    GRCh38  chr1  184807944,184807966,184808042  1.9086  0.1987  0.1725  10.1016/j.legalmed.2015.06.003'),
        ('mh04CP-004', 'mh04CP-004  MHDBM-8408d717    GRCh38  chr4  7402842,7402854,7402870  2.6744  0.0477  0.061  10.1016/j.fsigen.2019.02.018'),
        ('mh03LV-07', 'mh03LV-07  MHDBM-5f7e29b6    GRCh38  chr3  5783508,5783509,5783518,5783523,5783525,5783531,5783541,5783542,5783543,5783544,5783552,5783562,5783564,5783571,5783577,5783607,5783608,5783611,5783612,5783617,5783618,5783619,5783623,5783626,5783635,5783648,5783652,5783653,5783663,5783664,5783671,5783672,5783673,5783676,5783677,5783678,5783681,5783684,5783687,5783695,5783704,5783705  14.0275  1.081  0.057  10.1016/j.fsigen.2018.05.001'),
        ('mh09USC-9pB', 'mh09USC-9pB  MHDBM-7da7af40    GRCh38  chr9  31196676,31196714,31196731,31196744  3.0919  0.1616  0.0574  10.1016/j.fsigen.2019.102213'),
    ])
    def test_all_sources(name, data, capsys):
        marker = microhapdb.markers[microhapdb.markers.Name == name]
        microhapdb.marker.print_table(marker, trunc=False)
        terminal = capsys.readouterr()
        print(terminal.out)
>       assert data in terminal.out
E       AssertionError: assert 'mh04CP-004  MHDBM-8408d717    GRCh38  chr4  7402842,7402854,7402870  2.6744  0.0477  0.061  10.1016/j.fsigen.2019.02.018' in '      Name         PermID Reference Chrom                 Offsets     Ae     In   Fst                       Source\nmh04CP-004 MHDBM-8408d717    GRCh38  chr4 7402842,7402854,7402870 2.6744 0.0477 0.061 10.1016/j.fsigen.2019.02.018\n'
E        +  where '      Name         PermID Reference Chrom                 Offsets     Ae     In   Fst                       Source\nmh04CP-004 MHDBM-8408d717    GRCh38  chr4 7402842,7402854,7402870 2.6744 0.0477 0.061 10.1016/j.fsigen.2019.02.018\n' = CaptureResult(out='      Name         PermID Reference Chrom                 Offsets     Ae     In   Fst              ...004 MHDBM-8408d717    GRCh38  chr4 7402842,7402854,7402870 2.6744 0.0477 0.061 10.1016/j.fsigen.2019.02.018\n', err='').out

../_test_env_placehold_placehold_placehold_placehold_placehold_placehold_placehold_placehold_placehold_placehold_placehold_placehold_placehold_placehold_placehold_placehold_placehold_placehold_placehol/lib/python3.9/site-packages/microhapdb/tests/test_marker.py:499: AssertionError
----------------------------- Captured stdout call -----------------------------
      Name         PermID Reference Chrom                 Offsets     Ae     In   Fst                       Source
mh04CP-004 MHDBM-8408d717    GRCh38  chr4 7402842,7402854,7402870 2.6744 0.0477 0.061 10.1016/j.fsigen.2019.02.018

_ test_all_sources[mh03LV-07-mh03LV-07  MHDBM-5f7e29b6    GRCh38  chr3  5783508,5783509,5783518,5783523,5783525,5783531,5783541,5783542,5783543,5783544,5783552,5783562,5783564,5783571,5783577,5783607,5783608,5783611,5783612,5783617,5783618,5783619,5783623,5783626,5783635,5783648,5783652,5783653,5783663,5783664,5783671,5783672,5783673,5783676,5783677,5783678,5783681,5783684,5783687,5783695,5783704,5783705  14.0275  1.081  0.057  10.1016/j.fsigen.2018.05.001] _

name = 'mh03LV-07'
data = 'mh03LV-07  MHDBM-5f7e29b6    GRCh38  chr3  5783508,5783509,5783518,5783523,5783525,5783531,5783541,5783542,5783543,57...6,5783677,5783678,5783681,5783684,5783687,5783695,5783704,5783705  14.0275  1.081  0.057  10.1016/j.fsigen.2018.05.001'
capsys = <_pytest.capture.CaptureFixture object at 0x1079f9d60>

    @pytest.mark.parametrize('name,data', [
        ('mh04KK-010', 'mh04KK-010  MHDBM-07c8d144    GRCh38  chr4  1985210,1985244  2.9226  0.1306  0.0406  ALFRED'),
        ('mh08PK-46625', 'mh08PK-46625  MHDBM-840756f3    GRCh38  chr8  1194352,1194356,1194364,1194371  2.3775  0.1132  0.1395  10.1016/j.fsigen.2018.05.008'),
        ('mh04AT-10', 'mh04AT-10  MHDBM-07c8d144    GRCh38  chr4  1985210,1985244  2.9226  0.1306  0.0406  ISFG2019:P597'),
        ('mh01NH-03', 'mh01NH-03  MHDBM-e7a95c5e    GRCh38  chr1  184807944,184807966,184808042  1.9086  0.1987  0.1725  10.1016/j.legalmed.2015.06.003'),
        ('mh04CP-004', 'mh04CP-004  MHDBM-8408d717    GRCh38  chr4  7402842,7402854,7402870  2.6744  0.0477  0.061  10.1016/j.fsigen.2019.02.018'),
        ('mh03LV-07', 'mh03LV-07  MHDBM-5f7e29b6    GRCh38  chr3  5783508,5783509,5783518,5783523,5783525,5783531,5783541,5783542,5783543,5783544,5783552,5783562,5783564,5783571,5783577,5783607,5783608,5783611,5783612,5783617,5783618,5783619,5783623,5783626,5783635,5783648,5783652,5783653,5783663,5783664,5783671,5783672,5783673,5783676,5783677,5783678,5783681,5783684,5783687,5783695,5783704,5783705  14.0275  1.081  0.057  10.1016/j.fsigen.2018.05.001'),
        ('mh09USC-9pB', 'mh09USC-9pB  MHDBM-7da7af40    GRCh38  chr9  31196676,31196714,31196731,31196744  3.0919  0.1616  0.0574  10.1016/j.fsigen.2019.102213'),
    ])
    def test_all_sources(name, data, capsys):
        marker = microhapdb.markers[microhapdb.markers.Name == name]
        microhapdb.marker.print_table(marker, trunc=False)
        terminal = capsys.readouterr()
        print(terminal.out)
>       assert data in terminal.out
E       AssertionError: assert 'mh03LV-07  MHDBM-5f7e29b6    GRCh38  chr3  5783508,5783509,5783518,5783523,5783525,5783531,5783541,5783542,5783543,57...6,5783677,5783678,5783681,5783684,5783687,5783695,5783704,5783705  14.0275  1.081  0.057  10.1016/j.fsigen.2018.05.001' in '     Name         PermID Reference Chrom                                                                             ...676,5783677,5783678,5783681,5783684,5783687,5783695,5783704,5783705 14.0275 1.081 0.057 10.1016/j.fsigen.2018.05.001\n'
E        +  where '     Name         PermID Reference Chrom                                                                             ...676,5783677,5783678,5783681,5783684,5783687,5783695,5783704,5783705 14.0275 1.081 0.057 10.1016/j.fsigen.2018.05.001\n' = CaptureResult(out='     Name         PermID Reference Chrom                                                           ...77,5783678,5783681,5783684,5783687,5783695,5783704,5783705 14.0275 1.081 0.057 10.1016/j.fsigen.2018.05.001\n', err='').out

../_test_env_placehold_placehold_placehold_placehold_placehold_placehold_placehold_placehold_placehold_placehold_placehold_placehold_placehold_placehold_placehold_placehold_placehold_placehold_placehol/lib/python3.9/site-packages/microhapdb/tests/test_marker.py:499: AssertionError
----------------------------- Captured stdout call -----------------------------
     Name         PermID Reference Chrom                                                                                                                                                                                                                                                                                                                                         Offsets      Ae    In   Fst                       Source
mh03LV-07 MHDBM-5f7e29b6    GRCh38  chr3 5783508,5783509,5783518,5783523,5783525,5783531,5783541,5783542,5783543,5783544,5783552,5783562,5783564,5783571,5783577,5783607,5783608,5783611,5783612,5783617,5783618,5783619,5783623,5783626,5783635,5783648,5783652,5783653,5783663,5783664,5783671,5783672,5783673,5783676,5783677,5783678,5783681,5783684,5783687,5783695,5783704,5783705 14.0275 1.081 0.057 10.1016/j.fsigen.2018.05.001

_ test_all_sources[mh09USC-9pB-mh09USC-9pB  MHDBM-7da7af40    GRCh38  chr9  31196676,31196714,31196731,31196744  3.0919  0.1616  0.0574  10.1016/j.fsigen.2019.102213] _

name = 'mh09USC-9pB'
data = 'mh09USC-9pB  MHDBM-7da7af40    GRCh38  chr9  31196676,31196714,31196731,31196744  3.0919  0.1616  0.0574  10.1016/j.fsigen.2019.102213'
capsys = <_pytest.capture.CaptureFixture object at 0x107b134c0>

    @pytest.mark.parametrize('name,data', [
        ('mh04KK-010', 'mh04KK-010  MHDBM-07c8d144    GRCh38  chr4  1985210,1985244  2.9226  0.1306  0.0406  ALFRED'),
        ('mh08PK-46625', 'mh08PK-46625  MHDBM-840756f3    GRCh38  chr8  1194352,1194356,1194364,1194371  2.3775  0.1132  0.1395  10.1016/j.fsigen.2018.05.008'),
        ('mh04AT-10', 'mh04AT-10  MHDBM-07c8d144    GRCh38  chr4  1985210,1985244  2.9226  0.1306  0.0406  ISFG2019:P597'),
        ('mh01NH-03', 'mh01NH-03  MHDBM-e7a95c5e    GRCh38  chr1  184807944,184807966,184808042  1.9086  0.1987  0.1725  10.1016/j.legalmed.2015.06.003'),
        ('mh04CP-004', 'mh04CP-004  MHDBM-8408d717    GRCh38  chr4  7402842,7402854,7402870  2.6744  0.0477  0.061  10.1016/j.fsigen.2019.02.018'),
        ('mh03LV-07', 'mh03LV-07  MHDBM-5f7e29b6    GRCh38  chr3  5783508,5783509,5783518,5783523,5783525,5783531,5783541,5783542,5783543,5783544,5783552,5783562,5783564,5783571,5783577,5783607,5783608,5783611,5783612,5783617,5783618,5783619,5783623,5783626,5783635,5783648,5783652,5783653,5783663,5783664,5783671,5783672,5783673,5783676,5783677,5783678,5783681,5783684,5783687,5783695,5783704,5783705  14.0275  1.081  0.057  10.1016/j.fsigen.2018.05.001'),
        ('mh09USC-9pB', 'mh09USC-9pB  MHDBM-7da7af40    GRCh38  chr9  31196676,31196714,31196731,31196744  3.0919  0.1616  0.0574  10.1016/j.fsigen.2019.102213'),
    ])
    def test_all_sources(name, data, capsys):
        marker = microhapdb.markers[microhapdb.markers.Name == name]
        microhapdb.marker.print_table(marker, trunc=False)
        terminal = capsys.readouterr()
        print(terminal.out)
>       assert data in terminal.out
E       AssertionError: assert 'mh09USC-9pB  MHDBM-7da7af40    GRCh38  chr9  31196676,31196714,31196731,31196744  3.0919  0.1616  0.0574  10.1016/j.fsigen.2019.102213' in '       Name         PermID Reference Chrom                             Offsets     Ae     In    Fst                  ...MHDBM-7da7af40    GRCh38  chr9 31196676,31196714,31196731,31196744 3.0919 0.1616 0.0574 10.1016/j.fsigen.2019.102213\n'
E        +  where '       Name         PermID Reference Chrom                             Offsets     Ae     In    Fst                  ...MHDBM-7da7af40    GRCh38  chr9 31196676,31196714,31196731,31196744 3.0919 0.1616 0.0574 10.1016/j.fsigen.2019.102213\n' = CaptureResult(out='       Name         PermID Reference Chrom                             Offsets     Ae     In    Fst...7af40    GRCh38  chr9 31196676,31196714,31196731,31196744 3.0919 0.1616 0.0574 10.1016/j.fsigen.2019.102213\n', err='').out

../_test_env_placehold_placehold_placehold_placehold_placehold_placehold_placehold_placehold_placehold_placehold_placehold_placehold_placehold_placehold_placehold_placehold_placehold_placehold_placehol/lib/python3.9/site-packages/microhapdb/tests/test_marker.py:499: AssertionError
----------------------------- Captured stdout call -----------------------------
       Name         PermID Reference Chrom                             Offsets     Ae     In    Fst                       Source
mh09USC-9pB MHDBM-7da7af40    GRCh38  chr9 31196676,31196714,31196731,31196744 3.0919 0.1616 0.0574 10.1016/j.fsigen.2019.102213

________________________________ test_pop_table ________________________________

capsys = <_pytest.capture.CaptureFixture object at 0x107b80730>

    def test_pop_table(capsys):
        masai = microhapdb.populations[microhapdb.populations.Name == 'Masai']
        microhapdb.population.print_table(masai)
        testout = '''
            ID   Name  Source
     SA000854R  Masai  ALFRED
    '''
        terminal = capsys.readouterr()
>       assert terminal.out.strip() == testout.strip()
E       AssertionError: assert 'ID  Name Sou... Masai ALFRED' == 'ID   Name  S...Masai  ALFRED'
E         - ID   Name  Source
E         ?   -      -
E         + ID  Name Source
E         -  SA000854R  Masai  ALFRED
E         ? -          -     -
E         + SA000854R Masai ALFRED

../_test_env_placehold_placehold_placehold_placehold_placehold_placehold_placehold_placehold_placehold_placehold_placehold_placehold_placehold_placehold_placehold_placehold_placehold_placehold_placehol/lib/python3.9/site-packages/microhapdb/tests/test_population.py:70: AssertionError
_____________________________ test_pop_table_multi _____________________________

capsys = <_pytest.capture.CaptureFixture object at 0x107b13a60>

    def test_pop_table_multi(capsys):
        hanchinese = microhapdb.populations[microhapdb.populations.Name == 'Han']
        microhapdb.population.print_table(hanchinese)
        testout = '''
                   ID Name                        Source
     MHDBP-48c2cfb2aa  Han  10.1016/j.fsigen.2019.02.018
            SA000001B  Han                        ALFRED
            SA000009J  Han                        ALFRED
    '''
        terminal = capsys.readouterr()
>       assert terminal.out.strip() == testout.strip()
E       AssertionError: assert 'ID Name     ...       ALFRED' == 'ID Name     ...       ALFRED'
E         - ID Name                        Source
E         ?        -
E         + ID Name                       Source
E         -  MHDBP-48c2cfb2aa  Han  10.1016/j.fsigen.2019.02.018
E         ? -                     -
E         + MHDBP-48c2cfb2aa  Han 10.1016/j.fsigen.2019.02.018
E         -         SA000001B  Han                        ALFRED...
E         
E         ...Full output truncated (6 lines hidden), use '-vv' to show

../_test_env_placehold_placehold_placehold_placehold_placehold_placehold_placehold_placehold_placehold_placehold_placehold_placehold_placehold_placehold_placehold_placehold_placehold_placehold_placehol/lib/python3.9/site-packages/microhapdb/tests/test_population.py:83: AssertionError
___________ test_all_sources[SA000019K-SA000019K  Russians  ALFRED] ____________

ident = 'SA000019K', data = 'SA000019K  Russians  ALFRED'
capsys = <_pytest.capture.CaptureFixture object at 0x107a79b20>

    @pytest.mark.parametrize('ident,data', [
        ('SA000019K', 'SA000019K  Russians  ALFRED'),
        ('MHDBP-936bc36f79', 'MHDBP-936bc36f79  Asia  10.1016/j.fsigen.2018.05.008'),
        ('MHDBP-7c055e7ee8', 'MHDBP-7c055e7ee8  Swedish  ISFG2019:P597'),
        ('MHDBP-63967b883e', 'MHDBP-63967b883e  Japanese  10.1016/j.legalmed.2015.06.003'),
        ('MHDBP-48c2cfb2aa', 'MHDBP-48c2cfb2aa  Han  10.1016/j.fsigen.2019.02.018'),
    ])
    def test_all_sources(ident, data, capsys):
        pop = microhapdb.populations[microhapdb.populations.ID == ident]
        microhapdb.population.print_table(pop)
        terminal = capsys.readouterr()
        print(terminal.out)
>       assert data in terminal.out
E       AssertionError: assert 'SA000019K  Russians  ALFRED' in '       ID     Name Source\nSA000019K Russians ALFRED\n'
E        +  where '       ID     Name Source\nSA000019K Russians ALFRED\n' = CaptureResult(out='       ID     Name Source\nSA000019K Russians ALFRED\n', err='').out

../_test_env_placehold_placehold_placehold_placehold_placehold_placehold_placehold_placehold_placehold_placehold_placehold_placehold_placehold_placehold_placehold_placehold_placehold_placehold_placehol/lib/python3.9/site-packages/microhapdb/tests/test_population.py:175: AssertionError
----------------------------- Captured stdout call -----------------------------
       ID     Name Source
SA000019K Russians ALFRED

_ test_all_sources[MHDBP-936bc36f79-MHDBP-936bc36f79  Asia  10.1016/j.fsigen.2018.05.008] _

ident = 'MHDBP-936bc36f79'
data = 'MHDBP-936bc36f79  Asia  10.1016/j.fsigen.2018.05.008'
capsys = <_pytest.capture.CaptureFixture object at 0x107d26970>

    @pytest.mark.parametrize('ident,data', [
        ('SA000019K', 'SA000019K  Russians  ALFRED'),
        ('MHDBP-936bc36f79', 'MHDBP-936bc36f79  Asia  10.1016/j.fsigen.2018.05.008'),
        ('MHDBP-7c055e7ee8', 'MHDBP-7c055e7ee8  Swedish  ISFG2019:P597'),
        ('MHDBP-63967b883e', 'MHDBP-63967b883e  Japanese  10.1016/j.legalmed.2015.06.003'),
        ('MHDBP-48c2cfb2aa', 'MHDBP-48c2cfb2aa  Han  10.1016/j.fsigen.2019.02.018'),
    ])
    def test_all_sources(ident, data, capsys):
        pop = microhapdb.populations[microhapdb.populations.ID == ident]
        microhapdb.population.print_table(pop)
        terminal = capsys.readouterr()
        print(terminal.out)
>       assert data in terminal.out
E       AssertionError: assert 'MHDBP-936bc36f79  Asia  10.1016/j.fsigen.2018.05.008' in '              ID Name                       Source\nMHDBP-936bc36f79 Asia 10.1016/j.fsigen.2018.05.008\n'
E        +  where '              ID Name                       Source\nMHDBP-936bc36f79 Asia 10.1016/j.fsigen.2018.05.008\n' = CaptureResult(out='              ID Name                       Source\nMHDBP-936bc36f79 Asia 10.1016/j.fsigen.2018.05.008\n', err='').out

../_test_env_placehold_placehold_placehold_placehold_placehold_placehold_placehold_placehold_placehold_placehold_placehold_placehold_placehold_placehold_placehold_placehold_placehold_placehold_placehol/lib/python3.9/site-packages/microhapdb/tests/test_population.py:175: AssertionError
----------------------------- Captured stdout call -----------------------------
              ID Name                       Source
MHDBP-936bc36f79 Asia 10.1016/j.fsigen.2018.05.008

_ test_all_sources[MHDBP-7c055e7ee8-MHDBP-7c055e7ee8  Swedish  ISFG2019:P597] __

ident = 'MHDBP-7c055e7ee8', data = 'MHDBP-7c055e7ee8  Swedish  ISFG2019:P597'
capsys = <_pytest.capture.CaptureFixture object at 0x107c95af0>

    @pytest.mark.parametrize('ident,data', [
        ('SA000019K', 'SA000019K  Russians  ALFRED'),
        ('MHDBP-936bc36f79', 'MHDBP-936bc36f79  Asia  10.1016/j.fsigen.2018.05.008'),
        ('MHDBP-7c055e7ee8', 'MHDBP-7c055e7ee8  Swedish  ISFG2019:P597'),
        ('MHDBP-63967b883e', 'MHDBP-63967b883e  Japanese  10.1016/j.legalmed.2015.06.003'),
        ('MHDBP-48c2cfb2aa', 'MHDBP-48c2cfb2aa  Han  10.1016/j.fsigen.2019.02.018'),
    ])
    def test_all_sources(ident, data, capsys):
        pop = microhapdb.populations[microhapdb.populations.ID == ident]
        microhapdb.population.print_table(pop)
        terminal = capsys.readouterr()
        print(terminal.out)
>       assert data in terminal.out
E       AssertionError: assert 'MHDBP-7c055e7ee8  Swedish  ISFG2019:P597' in '              ID    Name        Source\nMHDBP-7c055e7ee8 Swedish ISFG2019:P597\n'
E        +  where '              ID    Name        Source\nMHDBP-7c055e7ee8 Swedish ISFG2019:P597\n' = CaptureResult(out='              ID    Name        Source\nMHDBP-7c055e7ee8 Swedish ISFG2019:P597\n', err='').out

../_test_env_placehold_placehold_placehold_placehold_placehold_placehold_placehold_placehold_placehold_placehold_placehold_placehold_placehold_placehold_placehold_placehold_placehold_placehold_placehol/lib/python3.9/site-packages/microhapdb/tests/test_population.py:175: AssertionError
----------------------------- Captured stdout call -----------------------------
              ID    Name        Source
MHDBP-7c055e7ee8 Swedish ISFG2019:P597

_ test_all_sources[MHDBP-63967b883e-MHDBP-63967b883e  Japanese  10.1016/j.legalmed.2015.06.003] _

ident = 'MHDBP-63967b883e'
data = 'MHDBP-63967b883e  Japanese  10.1016/j.legalmed.2015.06.003'
capsys = <_pytest.capture.CaptureFixture object at 0x107d26790>

    @pytest.mark.parametrize('ident,data', [
        ('SA000019K', 'SA000019K  Russians  ALFRED'),
        ('MHDBP-936bc36f79', 'MHDBP-936bc36f79  Asia  10.1016/j.fsigen.2018.05.008'),
        ('MHDBP-7c055e7ee8', 'MHDBP-7c055e7ee8  Swedish  ISFG2019:P597'),
        ('MHDBP-63967b883e', 'MHDBP-63967b883e  Japanese  10.1016/j.legalmed.2015.06.003'),
        ('MHDBP-48c2cfb2aa', 'MHDBP-48c2cfb2aa  Han  10.1016/j.fsigen.2019.02.018'),
    ])
    def test_all_sources(ident, data, capsys):
        pop = microhapdb.populations[microhapdb.populations.ID == ident]
        microhapdb.population.print_table(pop)
        terminal = capsys.readouterr()
        print(terminal.out)
>       assert data in terminal.out
E       AssertionError: assert 'MHDBP-63967b883e  Japanese  10.1016/j.legalmed.2015.06.003' in '              ID     Name                         Source\nMHDBP-63967b883e Japanese 10.1016/j.legalmed.2015.06.003\n'
E        +  where '              ID     Name                         Source\nMHDBP-63967b883e Japanese 10.1016/j.legalmed.2015.06.003\n' = CaptureResult(out='              ID     Name                         Source\nMHDBP-63967b883e Japanese 10.1016/j.legalmed.2015.06.003\n', err='').out

../_test_env_placehold_placehold_placehold_placehold_placehold_placehold_placehold_placehold_placehold_placehold_placehold_placehold_placehold_placehold_placehold_placehold_placehold_placehold_placehol/lib/python3.9/site-packages/microhapdb/tests/test_population.py:175: AssertionError
----------------------------- Captured stdout call -----------------------------
              ID     Name                         Source
MHDBP-63967b883e Japanese 10.1016/j.legalmed.2015.06.003

_ test_all_sources[MHDBP-48c2cfb2aa-MHDBP-48c2cfb2aa  Han  10.1016/j.fsigen.2019.02.018] _

ident = 'MHDBP-48c2cfb2aa'
data = 'MHDBP-48c2cfb2aa  Han  10.1016/j.fsigen.2019.02.018'
capsys = <_pytest.capture.CaptureFixture object at 0x107d1e280>

    @pytest.mark.parametrize('ident,data', [
        ('SA000019K', 'SA000019K  Russians  ALFRED'),
        ('MHDBP-936bc36f79', 'MHDBP-936bc36f79  Asia  10.1016/j.fsigen.2018.05.008'),
        ('MHDBP-7c055e7ee8', 'MHDBP-7c055e7ee8  Swedish  ISFG2019:P597'),
        ('MHDBP-63967b883e', 'MHDBP-63967b883e  Japanese  10.1016/j.legalmed.2015.06.003'),
        ('MHDBP-48c2cfb2aa', 'MHDBP-48c2cfb2aa  Han  10.1016/j.fsigen.2019.02.018'),
    ])
    def test_all_sources(ident, data, capsys):
        pop = microhapdb.populations[microhapdb.populations.ID == ident]
        microhapdb.population.print_table(pop)
        terminal = capsys.readouterr()
        print(terminal.out)
>       assert data in terminal.out
E       AssertionError: assert 'MHDBP-48c2cfb2aa  Han  10.1016/j.fsigen.2019.02.018' in '              ID Name                       Source\nMHDBP-48c2cfb2aa  Han 10.1016/j.fsigen.2019.02.018\n'
E        +  where '              ID Name                       Source\nMHDBP-48c2cfb2aa  Han 10.1016/j.fsigen.2019.02.018\n' = CaptureResult(out='              ID Name                       Source\nMHDBP-48c2cfb2aa  Han 10.1016/j.fsigen.2019.02.018\n', err='').out

../_test_env_placehold_placehold_placehold_placehold_placehold_placehold_placehold_placehold_placehold_placehold_placehold_placehold_placehold_placehold_placehold_placehold_placehold_placehold_placehol/lib/python3.9/site-packages/microhapdb/tests/test_population.py:175: AssertionError
----------------------------- Captured stdout call -----------------------------
              ID Name                       Source
MHDBP-48c2cfb2aa  Han 10.1016/j.fsigen.2019.02.018


---------- coverage: platform darwin, python 3.9.7-final-0 -----------
Name                                                                                                                                                                                                                                                                                                                     Stmts   Miss  Cover
--------------------------------------------------------------------------------------------------------------------------------------------------------------------------------------------------------------------------------------------------------------------------------------------------------------------------------------------
$PREFIX/lib/python3.9/site-packages/microhapdb/__init__.py            38      0   100%
$PREFIX/lib/python3.9/site-packages/microhapdb/_version.py             4      0   100%
$PREFIX/lib/python3.9/site-packages/microhapdb/cli/__init__.py        34      0   100%
$PREFIX/lib/python3.9/site-packages/microhapdb/cli/frequency.py       31      0   100%
$PREFIX/lib/python3.9/site-packages/microhapdb/cli/lookup.py          12      0   100%
$PREFIX/lib/python3.9/site-packages/microhapdb/cli/marker.py          54      0   100%
$PREFIX/lib/python3.9/site-packages/microhapdb/cli/population.py      21      0   100%
$PREFIX/lib/python3.9/site-packages/microhapdb/conftest.py             6      0   100%
$PREFIX/lib/python3.9/site-packages/microhapdb/marker.py             259      0   100%
$PREFIX/lib/python3.9/site-packages/microhapdb/panel.py               37     29    22%
$PREFIX/lib/python3.9/site-packages/microhapdb/population.py          26      0   100%
$PREFIX/lib/python3.9/site-packages/microhapdb/retrieve.py            46      0   100%
$PREFIX/lib/python3.9/site-packages/microhapdb/util.py                16      0   100%
--------------------------------------------------------------------------------------------------------------------------------------------------------------------------------------------------------------------------------------------------------------------------------------------------------------------------------------------
TOTAL                                                                                                                                                                                                                                                                                                                      584     29    95%

=========================== short test summary info ============================
FAILED tests/test_cli.py::test_main_pop_query - AssertionError: assert 'ID   ...
FAILED tests/test_cli.py::test_main_marker_query - AssertionError: assert 'Na...
FAILED tests/test_cli.py::test_main_marker_panel - AssertionError: assert 'Na...
FAILED tests/test_cli.py::test_lookup - AssertionError: assert 'mh09KK-033  M...
FAILED tests/test_cli.py::test_ae_pop - AssertionError: assert 'Name        ....
FAILED tests/test_cli.py::test_hg37 - AssertionError: assert 'Name        ......
FAILED tests/test_cli.py::test_h37_ae_pop - AssertionError: assert 'Name     ...
FAILED tests/test_frequency.py::test_all_sources[mh22KK-064-SA000009J-A,A,T,AATAATT-mh22KK-064  SA000009J  A,A,T,AATAATT      0.828]
FAILED tests/test_frequency.py::test_all_sources[mh06PK-24844-MHDBP-383d86606a-C,C,G,C,C,C,A,A,A,A-mh06PK-24844  MHDBP-383d86606a  C,C,G,C,C,C,A,A,A,A      0.005]
FAILED tests/test_frequency.py::test_all_sources[mh20AT-40-MHDBP-7c055e7ee8-T,C,G-mh20AT-40  MHDBP-7c055e7ee8  T,C,G     0.0806]
FAILED tests/test_frequency.py::test_all_sources[mh11NH-17-MHDBP-63967b883e-C,G,G-mh11NH-17  MHDBP-63967b883e  C,G,G      0.153]
FAILED tests/test_frequency.py::test_all_sources[mh01CP-016-MHDBP-48c2cfb2aa-T,G,A-mh01CP-016  MHDBP-48c2cfb2aa  T,G,A     0.2916]
FAILED tests/test_marker.py::test_marker_table - AssertionError: assert 'Name...
FAILED tests/test_marker.py::test_marker_table_multi - AssertionError: assert...
FAILED tests/test_marker.py::test_marker_table_multi_notrunc - AssertionError...
FAILED tests/test_marker.py::test_all_sources[mh04KK-010-mh04KK-010  MHDBM-07c8d144    GRCh38  chr4  1985210,1985244  2.9226  0.1306  0.0406  ALFRED]
FAILED tests/test_marker.py::test_all_sources[mh08PK-46625-mh08PK-46625  MHDBM-840756f3    GRCh38  chr8  1194352,1194356,1194364,1194371  2.3775  0.1132  0.1395  10.1016/j.fsigen.2018.05.008]
FAILED tests/test_marker.py::test_all_sources[mh04AT-10-mh04AT-10  MHDBM-07c8d144    GRCh38  chr4  1985210,1985244  2.9226  0.1306  0.0406  ISFG2019:P597]
FAILED tests/test_marker.py::test_all_sources[mh01NH-03-mh01NH-03  MHDBM-e7a95c5e    GRCh38  chr1  184807944,184807966,184808042  1.9086  0.1987  0.1725  10.1016/j.legalmed.2015.06.003]
FAILED tests/test_marker.py::test_all_sources[mh04CP-004-mh04CP-004  MHDBM-8408d717    GRCh38  chr4  7402842,7402854,7402870  2.6744  0.0477  0.061  10.1016/j.fsigen.2019.02.018]
FAILED tests/test_marker.py::test_all_sources[mh03LV-07-mh03LV-07  MHDBM-5f7e29b6    GRCh38  chr3  5783508,5783509,5783518,5783523,5783525,5783531,5783541,5783542,5783543,5783544,5783552,5783562,5783564,5783571,5783577,5783607,5783608,5783611,5783612,5783617,5783618,5783619,5783623,5783626,5783635,5783648,5783652,5783653,5783663,5783664,5783671,5783672,5783673,5783676,5783677,5783678,5783681,5783684,5783687,5783695,5783704,5783705  14.0275  1.081  0.057  10.1016/j.fsigen.2018.05.001]
FAILED tests/test_marker.py::test_all_sources[mh09USC-9pB-mh09USC-9pB  MHDBM-7da7af40    GRCh38  chr9  31196676,31196714,31196731,31196744  3.0919  0.1616  0.0574  10.1016/j.fsigen.2019.102213]
FAILED tests/test_population.py::test_pop_table - AssertionError: assert 'ID ...
FAILED tests/test_population.py::test_pop_table_multi - AssertionError: asser...
FAILED tests/test_population.py::test_all_sources[SA000019K-SA000019K  Russians  ALFRED]
FAILED tests/test_population.py::test_all_sources[MHDBP-936bc36f79-MHDBP-936bc36f79  Asia  10.1016/j.fsigen.2018.05.008]
FAILED tests/test_population.py::test_all_sources[MHDBP-7c055e7ee8-MHDBP-7c055e7ee8  Swedish  ISFG2019:P597]
FAILED tests/test_population.py::test_all_sources[MHDBP-63967b883e-MHDBP-63967b883e  Japanese  10.1016/j.legalmed.2015.06.003]
FAILED tests/test_population.py::test_all_sources[MHDBP-48c2cfb2aa-MHDBP-48c2cfb2aa  Han  10.1016/j.fsigen.2019.02.018]
======================== 29 failed, 52 passed in 20.25s ========================

Leaving build/test directories:
  Work:
 /Users/runner/conda/conda-bld/work 
  Test:
 /Users/runner/conda/conda-bld/test_tmp 
Leaving build/test environments:
  Test:
source activate  /Users/runner/conda/conda-bld/_test_env_placehold_placehold_placehold_placehold_placehold_placehold_placehold_placehold_placehold_placehold_placehold_placehold_placehold_placehold_placehold_placehold_placehold_placehold_placehold_placehold_placehold_pla 
  Build:
source activate  /Users/runner/conda/conda-bld/_build_env 


