  Package          Version  Build        Channel                                   Size
─────────────────────────────────────────────────────────────────────────────────────────
  Install:
─────────────────────────────────────────────────────────────────────────────────────────

  + _libgcc_mutex      0.1  conda_forge  conda-forge/linux-64                    Cached
  + _openmp_mutex      4.5  1_gnu        conda-forge/linux-64                    Cached
  + consel            0.20  h516909a_1   /home/vsts/conda/conda-bld/linux-64     117 KB
  + libgcc-ng       11.1.0  hc902ee8_8   conda-forge/linux-64                    Cached
  + libgomp         11.1.0  hc902ee8_8   conda-forge/linux-64                    Cached

  Summary:

  Install: 5 packages

  Total download: 117 KB

─────────────────────────────────────────────────────────────────────────────────────────

Updating build index: /home/vsts/conda/conda-bld

TEST START: consel-0.20-h516909a_1.tar.bz2

## Package Plan ##

  environment location: /home/vsts/conda/conda-bld/consel_1630940719473/_test_env_placehold_placehold_placehold_placehold_placehold_placehold_placehold_placehold_placehold_placehold_placehold_placehold_placehold_placehold_placehold_placehold_placehold_placehold_placehold_place


The following NEW packages will be INSTALLED:

    _libgcc_mutex: 0.1-conda_forge   conda-forge
    _openmp_mutex: 4.5-1_gnu         conda-forge
    consel:        0.20-h516909a_1   local      
    libgcc-ng:     11.1.0-hc902ee8_8 conda-forge
    libgomp:       11.1.0-hc902ee8_8 conda-forge

Preparing transaction: ...working... done
Verifying transaction: ...working... done
Executing transaction: ...working... done
export PREFIX=/home/vsts/conda/conda-bld/consel_1630940719473/_test_env_placehold_placehold_placehold_placehold_placehold_placehold_placehold_placehold_placehold_placehold_placehold_placehold_placehold_placehold_placehold_placehold_placehold_placehold_placehold_place
export SRC_DIR=/home/vsts/conda/conda-bld/consel_1630940719473/test_tmp
#! Terminated: error in command line.
#! Terminated: error in command line.
#! Terminated: error in command line.
#! Terminated: must specify input-file.
#! Terminated: error in command line.
#! Terminated: error in command line.
#! Terminated: error in command line.
#! Terminated: error in command line.
#! Terminated: error in command line.
#! Terminated: error in command line.
#! Terminated: error in command line.

Resource usage statistics from testing consel:
   Process count: 1
   CPU time: Sys=0:00:00.0, User=-
   Memory: 3.3M
   Disk usage: 16B
   Time elapsed: 0:00:02.1


TEST END: consel-0.20-h516909a_1.tar.bz2
--dirty flag and --keep-old-work not specified. Removing build/test folder after successful build/test.

